[18/10/2010  20:46:53] /i amulet of loss
[18/10/2010  20:46:55] /i amulet of loss 
[18/10/2010  20:47:07] /i amulet of loss
[18/10/2010  20:47:10] /i amulet of loss 1
[18/10/2010  20:47:22] /i amulet of loss 
[18/10/2010  20:48:02] /i 2173 
[18/10/2010  20:48:29] /m demon
[18/10/2010  21:51:07] /addskill GOD Forgotten, fist
[18/10/2010  21:51:23] /addskill Forgotten, level
[18/10/2010  21:51:24] /addskill Forgotten, level
[18/10/2010  21:51:24] /addskill Forgotten, level
[18/10/2010  21:51:25] /addskill Forgotten, level
[18/10/2010  21:51:26] /addskill Forgotten, level
[18/10/2010  21:51:26] /addskill Forgotten, level
[18/10/2010  21:51:39] /addskill GOD Forgotten, level
[18/10/2010  21:51:39] /addskill GOD Forgotten, level
[18/10/2010  21:51:40] /addskill GOD Forgotten, level
[18/10/2010  21:51:40] /addskill GOD Forgotten, level
[18/10/2010  21:51:40] /addskill GOD Forgotten, level
[18/10/2010  21:51:40] /addskill GOD Forgotten, level
[18/10/2010  21:51:40] /addskill GOD Forgotten, level
[18/10/2010  21:51:40] /addskill GOD Forgotten, level
[18/10/2010  21:51:40] /addskill GOD Forgotten, level
[18/10/2010  21:51:40] /addskill GOD Forgotten, level
[18/10/2010  21:51:40] /addskill GOD Forgotten, level
[18/10/2010  21:51:40] /addskill GOD Forgotten, level
[18/10/2010  21:51:40] /addskill GOD Forgotten, level
[18/10/2010  21:51:40] /addskill GOD Forgotten, level
[18/10/2010  21:51:40] /addskill GOD Forgotten, level
[18/10/2010  21:51:40] /addskill GOD Forgotten, level
[18/10/2010  21:51:41] /addskill GOD Forgotten, level
[18/10/2010  21:51:46] /addskill GOD Forgotten, level
[18/10/2010  21:51:46] /addskill GOD Forgotten, level
[18/10/2010  21:51:56] /addskill  Forgotten, level
[18/10/2010  21:51:56] /addskill  Forgotten, level
[18/10/2010  21:51:56] /addskill  Forgotten, level
[18/10/2010  21:51:56] /addskill  Forgotten, level
[18/10/2010  21:51:56] /addskill  Forgotten, level
[18/10/2010  21:51:57] /addskill  Forgotten, level
[18/10/2010  21:51:57] /addskill  Forgotten, level
[18/10/2010  21:51:57] /addskill  Forgotten, level
[18/10/2010  21:51:57] /addskill  Forgotten, level
[18/10/2010  21:51:57] /addskill  Forgotten, level
[18/10/2010  21:51:57] /addskill  Forgotten, level
[18/10/2010  21:51:57] /addskill  Forgotten, level
[18/10/2010  21:51:57] /addskill  Forgotten, level
[18/10/2010  21:51:57] /addskill  Forgotten, level
[18/10/2010  21:51:57] /addskill  Forgotten, level
[18/10/2010  21:51:57] /addskill  Forgotten, level
[18/10/2010  21:51:57] /addskill  Forgotten, level
[18/10/2010  21:51:58] /addskill  Forgotten, level
[18/10/2010  21:51:58] /addskill  Forgotten, level
[18/10/2010  21:51:58] /addskill  Forgotten, level
[18/10/2010  21:51:58] /addskill  Forgotten, level
[18/10/2010  21:51:58] /addskill  Forgotten, level
[18/10/2010  21:51:58] /addskill  Forgotten, level
[18/10/2010  21:51:59] /addskill  Forgotten, level
[18/10/2010  21:51:59] /addskill  Forgotten, level
[18/10/2010  21:51:59] /addskill  Forgotten, level
[18/10/2010  21:51:59] /addskill  Forgotten, level
[18/10/2010  21:52:00] /addskill  Forgotten, level
[18/10/2010  21:52:00] /addskill  Forgotten, level
[18/10/2010  21:52:00] /addskill  Forgotten, level
[18/10/2010  21:52:00] /addskill  Forgotten, level
[18/10/2010  21:52:00] /addskill  Forgotten, level
[18/10/2010  21:52:00] /addskill  Forgotten, level
[18/10/2010  21:52:00] /addskill  Forgotten, level
[18/10/2010  21:52:00] /addskill  Forgotten, level
[18/10/2010  21:52:00] /addskill  Forgotten, level
[18/10/2010  21:52:00] /addskill  Forgotten, level
[18/10/2010  21:52:00] /addskill  Forgotten, level
[18/10/2010  21:52:00] /addskill  Forgotten, level
[18/10/2010  21:52:00] /addskill  Forgotten, level
[18/10/2010  21:52:00] /addskill  Forgotten, level
[18/10/2010  21:52:00] /addskill  Forgotten, level
[18/10/2010  21:52:00] /addskill  Forgotten, level
[18/10/2010  21:52:00] /addskill  Forgotten, level
[18/10/2010  21:52:00] /addskill  Forgotten, level
[18/10/2010  21:52:00] /addskill  Forgotten, level
[18/10/2010  21:52:00] /addskill  Forgotten, level
[18/10/2010  21:52:00] /addskill  Forgotten, level
[18/10/2010  21:52:00] /addskill  Forgotten, level
[18/10/2010  21:52:00] /addskill  Forgotten, level
[18/10/2010  21:52:00] /addskill  Forgotten, level
[18/10/2010  21:52:00] /addskill  Forgotten, level
[18/10/2010  21:52:00] /addskill  Forgotten, level
[18/10/2010  21:52:00] /addskill  Forgotten, level
[18/10/2010  21:52:00] /addskill  Forgotten, level
[18/10/2010  21:52:00] /addskill  Forgotten, level
[18/10/2010  21:52:00] /addskill  Forgotten, level
[18/10/2010  21:52:00] /addskill  Forgotten, level
[18/10/2010  21:52:01] /addskill  Forgotten, level
[18/10/2010  21:52:01] /addskill  Forgotten, level
[18/10/2010  21:52:01] /addskill  Forgotten, level
[18/10/2010  21:52:01] /addskill  Forgotten, level
[18/10/2010  21:52:01] /addskill  Forgotten, level
[18/10/2010  21:52:08] /m demon
