[02/10/2010  13:43:40] /addskill god tryller, 0
[02/10/2010  13:43:44] /addskill god tryller, 0
[02/10/2010  16:07:15] /r
[02/10/2010  16:07:45] /n ice rapier
[02/10/2010  16:07:48] /n ice rapier 
[02/10/2010  16:09:20] /n ice rapier 
[02/10/2010  16:10:33] /m hydra
[02/10/2010  16:11:44] /t
[02/10/2010  16:12:24] /t
[28/10/2010  09:58:07] /m hydra
[28/10/2010  10:29:20] /m morgaroth
[28/10/2010  10:29:27] /m dragon lord
[28/10/2010  10:32:15] /r
[28/10/2010  10:33:41] /i 2373
[28/10/2010  10:33:50] /r
[28/10/2010  10:33:54] /i 2173
[28/10/2010  10:34:04] /i golden helmet 
[28/10/2010  10:34:11] /n golden helmet 
[28/10/2010  10:45:50] /i 2173 
[28/10/2010  10:46:05] /i red backpack 
[28/10/2010  10:46:11] /n red backpack 
[28/10/2010  10:46:35] /m dragon lord
[28/10/2010  11:02:30] /m dragon lord
[28/10/2010  11:37:13] /n ham
[28/10/2010  11:37:31] /m dragon lord
[28/10/2010  11:37:45] /r
[28/10/2010  11:37:50] /a 2
[28/10/2010  11:37:55] /m draon lord
[28/10/2010  11:38:01] /m dragon lord 
[28/10/2010  11:38:02] /m dragon lor
[28/10/2010  11:38:07] /m dragon lord
[28/10/2010  11:42:07] /addskill Tester, level, 10
[28/10/2010  11:42:16] /addskill Tester, level
[28/10/2010  11:42:16] /addskill Tester, level
[28/10/2010  11:42:17] /addskill Tester, level
[28/10/2010  11:42:17] /addskill Tester, level
[28/10/2010  11:42:19] /addskill Tester, level
[28/10/2010  11:42:19] /addskill Tester, level
[28/10/2010  11:42:20] /addskill Tester, level
[28/10/2010  11:42:21] /addskill Tester, level
[28/10/2010  11:42:21] /addskill Tester, level
[28/10/2010  11:42:22] /addskill Tester, level
[28/10/2010  11:42:22] /addskill Tester, level
[28/10/2010  11:42:23] /addskill Tester, level
[28/10/2010  11:42:23] /addskill Tester, level
[28/10/2010  11:42:36] /addskill Tester, level
[28/10/2010  11:42:36] /addskill Tester, level
[28/10/2010  11:42:37] /addskill Tester, level
[28/10/2010  11:42:37] /addskill Tester, level
[28/10/2010  11:42:37] /addskill Tester, level
[28/10/2010  11:42:37] /addskill Tester, level
[28/10/2010  11:42:37] /addskill Tester, level
[28/10/2010  11:42:38] /addskill Tester, level
[28/10/2010  11:42:38] /addskill Tester, level
[28/10/2010  11:42:38] /addskill Tester, level
[28/10/2010  11:42:38] /addskill Tester, level
[28/10/2010  11:42:38] /addskill Tester, level
[28/10/2010  11:42:39] /addskill Tester, level
[28/10/2010  11:42:39] /addskill Tester, level
[28/10/2010  11:42:39] /addskill Tester, level
[28/10/2010  11:42:41] /addskill Tester, level
[28/10/2010  11:42:41] /addskill Tester, level
[28/10/2010  11:42:41] /addskill Tester, level
[28/10/2010  11:42:41] /addskill Tester, level
[28/10/2010  11:42:41] /addskill Tester, level
[28/10/2010  11:42:42] /addskill Tester, level
[28/10/2010  11:42:42] /addskill Tester, level
[28/10/2010  11:42:42] /addskill Tester, level
[28/10/2010  11:42:42] /addskill Tester, level
[28/10/2010  11:42:43] /addskill Tester, level
[28/10/2010  11:42:43] /addskill Tester, level
[28/10/2010  11:42:44] /addskill Tester, level
[28/10/2010  11:42:44] /addskill Tester, level
[28/10/2010  11:42:44] /addskill Tester, level
[28/10/2010  11:42:44] /addskill Tester, level
[28/10/2010  11:42:45] /addskill Tester, level
[28/10/2010  11:42:45] /addskill Tester, level
[28/10/2010  11:42:45] /addskill Tester, level
[28/10/2010  11:42:45] /addskill Tester, level
[28/10/2010  11:42:45] /addskill Tester, level
[28/10/2010  11:42:45] /addskill Tester, level
[28/10/2010  11:42:46] /addskill Tester, level
[28/10/2010  11:42:46] /addskill Tester, level
[28/10/2010  11:42:46] /addskill Tester, level
[28/10/2010  11:42:46] /addskill Tester, level
[28/10/2010  11:42:46] /addskill Tester, level
[28/10/2010  11:42:47] /addskill Tester, level
[28/10/2010  11:42:47] /addskill Tester, level
[28/10/2010  11:42:47] /addskill Tester, level
[28/10/2010  11:42:47] /addskill Tester, level
[28/10/2010  11:42:47] /addskill Tester, level
[28/10/2010  11:42:47] /addskill Tester, level
[28/10/2010  11:42:48] /addskill Tester, level
[28/10/2010  11:42:48] /addskill Tester, level
[28/10/2010  11:42:48] /addskill Tester, level
[28/10/2010  11:42:48] /addskill Tester, level
[28/10/2010  11:42:48] /addskill Tester, level
[28/10/2010  11:42:49] /addskill Tester, level
[28/10/2010  11:42:49] /addskill Tester, level
[28/10/2010  11:42:49] /addskill Tester, level
[28/10/2010  11:42:49] /addskill Tester, level
[28/10/2010  11:42:50] /addskill Tester, level
[28/10/2010  11:42:51] /addskill Tester, level
[28/10/2010  11:42:51] /addskill Tester, level
[28/10/2010  11:42:51] /addskill Tester, level
[28/10/2010  11:42:51] /addskill Tester, level
[28/10/2010  11:42:51] /addskill Tester, level
[28/10/2010  11:42:51] /addskill Tester, level
[28/10/2010  11:42:51] /addskill Tester, level
[28/10/2010  11:42:51] /addskill Tester, level
[28/10/2010  11:42:51] /addskill Tester, level
[28/10/2010  11:42:51] /addskill Tester, level
[28/10/2010  11:42:51] /addskill Tester, level
[28/10/2010  11:42:51] /addskill Tester, level
[28/10/2010  11:42:51] /addskill Tester, level
[28/10/2010  11:42:51] /addskill Tester, level
[28/10/2010  11:42:51] /addskill Tester, level
[28/10/2010  11:42:51] /addskill Tester, level
[28/10/2010  11:42:51] /addskill Tester, level
[28/10/2010  11:42:51] /addskill Tester, level
[28/10/2010  11:42:51] /addskill Tester, level
[28/10/2010  11:42:51] /addskill Tester, level
[28/10/2010  11:42:51] /addskill Tester, level
[28/10/2010  11:42:52] /addskill Tester, level
[28/10/2010  11:42:52] /addskill Tester, level
[28/10/2010  11:42:52] /addskill Tester, level
[28/10/2010  11:42:52] /addskill Tester, level
[28/10/2010  11:42:52] /addskill Tester, level
[28/10/2010  11:42:52] /addskill Tester, level
[28/10/2010  11:42:52] /addskill Tester, level
[28/10/2010  11:42:52] /addskill Tester, level
[28/10/2010  11:42:52] /addskill Tester, level
[28/10/2010  11:42:52] /addskill Tester, level
[28/10/2010  11:42:52] /addskill Tester, level
[28/10/2010  11:42:52] /addskill Tester, level
[28/10/2010  11:42:52] /addskill Tester, level
[28/10/2010  11:42:53] /addskill Tester, level
[28/10/2010  11:42:54] /addskill Tester, level
[28/10/2010  11:42:54] /addskill Tester, level
[28/10/2010  11:42:54] /addskill Tester, level
[28/10/2010  11:42:54] /addskill Tester, level
[28/10/2010  11:42:54] /addskill Tester, level
[28/10/2010  11:42:54] /addskill Tester, level
[28/10/2010  11:42:54] /addskill Tester, level
[28/10/2010  11:42:54] /addskill Tester, level
[28/10/2010  11:42:54] /addskill Tester, level
[28/10/2010  11:42:54] /addskill Tester, level
[28/10/2010  11:42:54] /addskill Tester, level
[28/10/2010  11:42:54] /addskill Tester, level
[28/10/2010  11:42:54] /addskill Tester, level
[28/10/2010  11:42:54] /addskill Tester, level
[28/10/2010  11:42:54] /addskill Tester, level
[28/10/2010  11:42:54] /addskill Tester, level
[28/10/2010  11:42:54] /addskill Tester, level
[28/10/2010  11:42:54] /addskill Tester, level
[28/10/2010  11:42:54] /addskill Tester, level
[28/10/2010  11:42:55] /addskill Tester, level
[28/10/2010  11:42:55] /addskill Tester, level
[28/10/2010  11:42:55] /addskill Tester, level
[28/10/2010  11:42:55] /addskill Tester, level
[28/10/2010  11:42:55] /addskill Tester, level
[28/10/2010  11:42:55] /addskill Tester, level
[28/10/2010  11:42:55] /addskill Tester, level
[28/10/2010  11:42:55] /addskill Tester, level
[28/10/2010  11:42:55] /addskill Tester, level
[28/10/2010  11:42:55] /addskill Tester, level
[28/10/2010  11:42:55] /addskill Tester, level
[28/10/2010  11:42:55] /addskill Tester, level
[28/10/2010  11:42:55] /addskill Tester, level
[28/10/2010  11:42:55] /addskill Tester, level
[28/10/2010  11:42:55] /addskill Tester, level
[28/10/2010  11:42:55] /addskill Tester, level
[28/10/2010  11:42:55] /addskill Tester, level
[28/10/2010  11:42:55] /addskill Tester, level
[28/10/2010  11:42:55] /addskill Tester, level
[28/10/2010  11:42:55] /addskill Tester, level
[28/10/2010  11:42:55] /addskill Tester, level
[28/10/2010  11:42:55] /addskill Tester, level
[28/10/2010  11:42:55] /addskill Tester, level
[28/10/2010  11:42:55] /addskill Tester, level
[28/10/2010  11:42:55] /addskill Tester, level
[28/10/2010  11:42:55] /addskill Tester, level
[28/10/2010  11:42:55] /addskill Tester, level
[28/10/2010  11:43:20] /addskill Tester, level
[28/10/2010  11:43:20] /addskill Tester, level
[28/10/2010  11:43:21] /addskill Tester, level
[28/10/2010  11:43:21] /addskill Tester, level
[28/10/2010  11:43:21] /addskill Tester, level
[28/10/2010  11:43:21] /addskill Tester, level
[28/10/2010  11:43:21] /addskill Tester, level
[28/10/2010  11:43:21] /addskill Tester, level
[28/10/2010  11:43:21] /addskill Tester, level
[28/10/2010  11:43:21] /addskill Tester, level
[28/10/2010  11:43:21] /addskill Tester, level
[28/10/2010  11:43:21] /addskill Tester, level
[28/10/2010  11:43:22] /addskill Tester, level
[28/10/2010  11:43:22] /addskill Tester, level
[28/10/2010  11:43:22] /addskill Tester, level
[28/10/2010  11:43:22] /addskill Tester, level
[28/10/2010  11:43:22] /addskill Tester, level
[28/10/2010  11:43:22] /addskill Tester, level
[28/10/2010  11:43:22] /addskill Tester, level
[28/10/2010  11:43:22] /addskill Tester, level
[28/10/2010  11:43:22] /addskill Tester, level
[28/10/2010  11:43:22] /addskill Tester, level
[28/10/2010  11:43:22] /addskill Tester, level
[28/10/2010  11:43:22] /addskill Tester, level
[28/10/2010  11:43:22] /addskill Tester, level
[28/10/2010  11:43:22] /addskill Tester, level
[28/10/2010  11:43:40] /i 2160 100
[28/10/2010  11:44:15] /i 2173
[28/10/2010  11:49:48] /kick  tester
[28/10/2010  11:49:59] /kick Tester
[28/10/2010  15:02:30] /n ham 100
[28/10/2010  15:03:10] /n mana potion
[28/10/2010  15:03:11] /n mana potion 
[28/10/2010  15:03:15] /n mana potion
[28/10/2010  15:03:35] /n golden legs 
[28/10/2010  15:03:46] /n boots of haste 
[28/10/2010  15:03:56] /n magic plate armor 
[28/10/2010  15:04:06] /n golden helmet 
[28/10/2010  15:04:14] /n dragon scale legs 
[28/10/2010  15:04:28] /n green backpack 
[28/10/2010  15:04:33] /n amulet of loos 
[28/10/2010  15:04:41] /i 2173 
[28/10/2010  15:04:52] /n magic sword 
[28/10/2010  15:05:02] /n blessed chield 
[28/10/2010  15:05:10] /n blessed shield
[28/10/2010  15:05:18] /n blessed shield 
[28/10/2010  15:05:52] /t
