[30/09/2010  16:49:28] /r
[30/09/2010  17:12:30] /i 1981
[30/09/2010  17:13:12] /t
[30/09/2010  17:13:17] /t
[30/09/2010  17:13:19] /t
[30/09/2010  17:14:55] /t
[30/09/2010  17:14:59] /a 2
[30/09/2010  17:18:17] /r
[30/09/2010  17:18:20] /r
[30/09/2010  17:18:24] /r
[30/09/2010  17:20:48] /send GOD Forgotten, 33211 31844 7 
[30/09/2010  17:21:00] /send GOD Forgotten 33211 31844 7
[30/09/2010  17:21:22] /down
[30/09/2010  17:21:25] /up
[30/09/2010  17:21:25] /up
[30/09/2010  17:21:29] /down
[30/09/2010  17:21:31] /a 2
[30/09/2010  17:22:16] /attr
[30/09/2010  17:22:18] /attr
[30/09/2010  17:22:21] /attr 
[30/09/2010  17:22:38] /squelch
[30/09/2010  17:22:43] /squelch
[30/09/2010  17:22:51] /ghost
[30/09/2010  17:22:53] /ghost
[30/09/2010  17:23:04] /openserver
[30/09/2010  17:23:12] /closeserver
[30/09/2010  17:23:13] /openserver
[30/09/2010  17:23:30] /reload highscores
[30/09/2010  17:26:02] /t
[30/09/2010  17:26:06] /t
[30/09/2010  17:30:14] /reload tak
[30/09/2010  17:30:19] /reload talk
[30/09/2010  17:33:50] /reload talk
[30/09/2010  17:37:44] /reload talk
[30/09/2010  17:46:32] /reload talk
[30/09/2010  17:47:16] /reload talk
[30/09/2010  17:47:37] /reload talk
[30/09/2010  17:47:49] /reload talk
[30/09/2010  17:48:24] /reload talk
[30/09/2010  17:49:38] /reload talk
[30/09/2010  17:49:53] /reload talk
[30/09/2010  17:50:01] /reload talk
[30/09/2010  17:50:13] /reload talk
[30/09/2010  17:50:21] /reload talk
[30/09/2010  17:50:28] /reload talk
[30/09/2010  17:51:14] /reload talk
[30/09/2010  17:51:32] /reload talk
[30/09/2010  17:52:06] /reload talk
[30/09/2010  17:52:19] /reload talk
[30/09/2010  17:52:29] /reload talk
[30/09/2010  17:52:38] /reload talk
[30/09/2010  17:53:06] /reload talk
[30/09/2010  17:53:35] /reload talk
[30/09/2010  17:53:47] /reload talk
[30/09/2010  17:54:26] /reload talk
[30/09/2010  17:54:50] /reload talk
[30/09/2010  17:55:40] /reload talk
[30/09/2010  17:56:26] /reload talk
[30/09/2010  17:56:42] /reload talk
[30/09/2010  17:56:58] /reload talk
[30/09/2010  17:57:29] /reload talk
[30/09/2010  17:58:27] /reload talk
[30/09/2010  17:59:04] /reload talk
[30/09/2010  18:00:11] /reload talk
[30/09/2010  18:00:31] /reload talk
[30/09/2010  18:00:43] /reload talk
[30/09/2010  18:03:06] /reload talk
[30/09/2010  18:03:11] /t
[30/09/2010  18:05:30] /reload talk
[30/09/2010  18:14:54] /reload talk
[30/09/2010  21:00:25] /a 5
[30/09/2010  21:01:03] /n shovel 
[30/09/2010  21:02:12] /m demon
[30/09/2010  21:02:53] /m morgaroth
[30/09/2010  21:03:21] /addskill GOD Forgotten, level
[30/09/2010  21:03:22] /addskill GOD Forgotten, level
[30/09/2010  21:03:23] /addskill GOD Forgotten, level
[30/09/2010  21:03:23] /addskill GOD Forgotten, level
[30/09/2010  21:03:23] /addskill GOD Forgotten, level
[30/09/2010  21:03:23] /addskill GOD Forgotten, level
[30/09/2010  21:03:24] /addskill GOD Forgotten, level
[30/09/2010  21:03:24] /addskill GOD Forgotten, level
[30/09/2010  21:03:24] /addskill GOD Forgotten, level
[30/09/2010  21:03:24] /addskill GOD Forgotten, level
[30/09/2010  21:03:25] /addskill GOD Forgotten, level
[30/09/2010  21:03:25] /addskill GOD Forgotten, level
[30/09/2010  21:03:25] /addskill GOD Forgotten, level
[30/09/2010  21:03:25] /addskill GOD Forgotten, level
[30/09/2010  21:03:26] /addskill GOD Forgotten, level
[30/09/2010  21:03:26] /addskill GOD Forgotten, level
[30/09/2010  21:03:26] /addskill GOD Forgotten, level
[30/09/2010  21:03:26] /addskill GOD Forgotten, level
[30/09/2010  21:03:27] /addskill GOD Forgotten, level
[30/09/2010  21:03:27] /addskill GOD Forgotten, level
[30/09/2010  21:03:27] /addskill GOD Forgotten, level
[30/09/2010  21:03:27] /addskill GOD Forgotten, level
[30/09/2010  21:03:27] /addskill GOD Forgotten, level
[30/09/2010  21:03:28] /addskill GOD Forgotten, level
[30/09/2010  21:03:28] /addskill GOD Forgotten, level
[30/09/2010  21:03:28] /addskill GOD Forgotten, level
[30/09/2010  21:03:28] /addskill GOD Forgotten, level
[30/09/2010  21:03:28] /addskill GOD Forgotten, level
[30/09/2010  21:03:29] /addskill GOD Forgotten, level
[30/09/2010  21:03:29] /addskill GOD Forgotten, level
[30/09/2010  21:03:29] /addskill GOD Forgotten, level
[30/09/2010  21:03:29] /addskill GOD Forgotten, level
[30/09/2010  21:03:29] /addskill GOD Forgotten, level
[30/09/2010  21:03:30] /addskill GOD Forgotten, level
[30/09/2010  21:03:30] /addskill GOD Forgotten, level
[30/09/2010  21:03:30] /addskill GOD Forgotten, level
[30/09/2010  21:03:30] /addskill GOD Forgotten, level
[30/09/2010  21:03:30] /addskill GOD Forgotten, level
[30/09/2010  21:03:31] /addskill GOD Forgotten, level
[30/09/2010  21:03:31] /addskill GOD Forgotten, level
[30/09/2010  21:03:31] /addskill GOD Forgotten, level
[30/09/2010  21:03:31] /addskill GOD Forgotten, level
[30/09/2010  21:03:31] /addskill GOD Forgotten, level
[30/09/2010  21:03:32] /addskill GOD Forgotten, level
[30/09/2010  21:03:32] /addskill GOD Forgotten, level
[30/09/2010  21:03:32] /addskill GOD Forgotten, level
[30/09/2010  21:03:32] /addskill GOD Forgotten, level
[30/09/2010  21:03:33] /addskill GOD Forgotten, level
[30/09/2010  21:03:33] /addskill GOD Forgotten, level
[30/09/2010  21:03:33] /addskill GOD Forgotten, level
[30/09/2010  21:03:34] /addskill GOD Forgotten, level
[30/09/2010  21:03:34] /addskill GOD Forgotten, level
[30/09/2010  21:03:34] /addskill GOD Forgotten, level
[30/09/2010  21:03:35] /addskill GOD Forgotten, level
[30/09/2010  21:03:35] /addskill GOD Forgotten, level
[30/09/2010  21:03:36] /addskill GOD Forgotten, level
[30/09/2010  21:03:36] /addskill GOD Forgotten, level
[30/09/2010  21:03:36] /addskill GOD Forgotten, level
[30/09/2010  21:03:37] /addskill GOD Forgotten, level
[30/09/2010  21:03:37] /addskill GOD Forgotten, level
[30/09/2010  21:03:37] /addskill GOD Forgotten, level
[30/09/2010  21:03:37] /addskill GOD Forgotten, level
[30/09/2010  21:03:37] /addskill GOD Forgotten, level
[30/09/2010  21:03:38] /addskill GOD Forgotten, level
[30/09/2010  21:03:38] /addskill GOD Forgotten, level
[30/09/2010  21:03:38] /addskill GOD Forgotten, level
[30/09/2010  21:03:38] /addskill GOD Forgotten, level
[30/09/2010  21:03:39] /addskill GOD Forgotten, level
[30/09/2010  21:03:39] /addskill GOD Forgotten, level
[30/09/2010  21:03:39] /addskill GOD Forgotten, level
[30/09/2010  21:03:39] /addskill GOD Forgotten, level
[30/09/2010  21:03:40] /addskill GOD Forgotten, level
[30/09/2010  21:03:40] /addskill GOD Forgotten, level
[30/09/2010  21:03:40] /addskill GOD Forgotten, level
[30/09/2010  21:03:40] /addskill GOD Forgotten, level
[30/09/2010  21:03:40] /addskill GOD Forgotten, level
[30/09/2010  21:03:41] /addskill GOD Forgotten, level
[30/09/2010  21:03:41] /addskill GOD Forgotten, level
[30/09/2010  21:03:41] /addskill GOD Forgotten, level
[30/09/2010  21:03:41] /addskill GOD Forgotten, level
[30/09/2010  21:03:41] /addskill GOD Forgotten, level
[30/09/2010  21:03:42] /addskill GOD Forgotten, level
[30/09/2010  21:03:42] /addskill GOD Forgotten, level
[30/09/2010  21:03:42] /addskill GOD Forgotten, level
[30/09/2010  21:03:42] /addskill GOD Forgotten, level
[30/09/2010  21:03:42] /addskill GOD Forgotten, level
[30/09/2010  21:03:43] /addskill GOD Forgotten, level
[30/09/2010  21:03:43] /addskill GOD Forgotten, level
[30/09/2010  21:03:43] /addskill GOD Forgotten, level
[30/09/2010  21:03:43] /addskill GOD Forgotten, level
[30/09/2010  21:03:43] /addskill GOD Forgotten, level
[30/09/2010  21:03:44] /addskill GOD Forgotten, level
[30/09/2010  21:03:44] /addskill GOD Forgotten, level
[30/09/2010  21:03:44] /addskill GOD Forgotten, level
[30/09/2010  21:03:44] /addskill GOD Forgotten, level
[30/09/2010  21:03:44] /addskill GOD Forgotten, level
[30/09/2010  21:03:45] /addskill GOD Forgotten, level
[30/09/2010  21:03:45] /addskill GOD Forgotten, level
[30/09/2010  21:03:45] /addskill GOD Forgotten, level
[30/09/2010  21:03:45] /addskill GOD Forgotten, level
[30/09/2010  21:03:45] /addskill GOD Forgotten, level
[30/09/2010  21:03:46] /addskill GOD Forgotten, level
[30/09/2010  21:04:55] /m morgaroth
[30/09/2010  21:06:43] /m ghazbaran
[30/09/2010  21:08:53] /m dmeon
[30/09/2010  21:08:57] /m demon
[30/09/2010  21:09:19] /t
[30/09/2010  21:09:23] /m demon
[30/09/2010  21:09:31] /m hellgorak
[30/09/2010  21:10:44] /m infernalist
[30/09/2010  21:10:49] /m rat
[30/09/2010  21:11:42] /t
[01/10/2010  21:48:06] /m morgaroth
[01/10/2010  21:49:05] /m infernalist
[01/10/2010  21:49:10] /m hellgorak
[01/10/2010  21:50:13] /t
[01/10/2010  21:51:44] /t
[01/10/2010  22:24:42] /t
[01/10/2010  22:25:09] /addskill GOD Forgotten, axe
[02/10/2010  13:16:37] /t
[02/10/2010  13:17:28] /addskill GOD Forgotten, fist
[02/10/2010  13:17:29] /addskill GOD Forgotten, fist
[02/10/2010  13:24:46] /down
[02/10/2010  13:24:50] /a 50
[02/10/2010  13:24:53] /up
[02/10/2010  13:25:03] /down
[02/10/2010  13:25:32] /t
[02/10/2010  13:26:09] /t
[02/10/2010  13:29:23] /addskill GOD Forgotten, fist
[02/10/2010  13:29:30] /addskill GOD Forgotten, fist
[02/10/2010  13:35:14] /addskill GOD Forgotten, fist
[02/10/2010  16:07:58] /m demon
[02/10/2010  16:08:53] /reload config
[02/10/2010  16:09:01] /n ice rapier 
[02/10/2010  16:21:18] /t
[02/10/2010  16:21:21] /t
[02/10/2010  16:21:26] /t
[02/10/2010  16:21:32] /a 2
[02/10/2010  16:21:34] /t
[02/10/2010  16:21:41] /goto demon
[02/10/2010  16:24:38] /n adura vira rune 
[02/10/2010  16:24:47] /n sudden death rune 
[02/10/2010  16:24:54] /m ferumbras
[02/10/2010  16:25:41] /i ultimate healing rune 
[02/10/2010  16:25:47] /n ultimate healing rune
[02/10/2010  16:25:49] /n ultimate healing rune 
[02/10/2010  16:26:03] /n ultimate healing rune 100
[02/10/2010  16:28:30] /reload spells
[02/10/2010  16:37:16] /reload spells
[02/10/2010  16:37:40] /m dmeon
[02/10/2010  16:37:46] /m demon
[02/10/2010  16:39:46] /reload spells
[02/10/2010  16:41:24] /reload spells
[02/10/2010  16:43:56] /i 2315 1
[02/10/2010  16:44:31] /i 2292 
[02/10/2010  16:46:22] /reload spells
[02/10/2010  16:46:44] /reload spells
[02/10/2010  16:47:21] /i 2288 
[02/10/2010  16:47:38] /reload spells
[02/10/2010  16:48:43] /i 2313 
[02/10/2010  16:49:51] /reload spells
[02/10/2010  16:50:17] /i 2311 
[02/10/2010  16:54:24] /reload spells
[03/10/2010  04:20:18] /m dragon
[03/10/2010  04:20:49] /t
[07/10/2010  17:45:23] /t
[07/10/2010  17:45:31] /t
[07/10/2010  17:45:40] /t
[07/10/2010  17:46:11] /t
[07/10/2010  17:50:22] /n tempest rod 
[07/10/2010  17:50:29] /m hydra
[07/10/2010  17:51:53] /m black knight
[07/10/2010  17:52:01] /n quagmire rod 
[07/10/2010  17:53:05] /n sudden death rune 
[07/10/2010  17:56:28] /r
[07/10/2010  17:56:35] /newtype 12
[11/10/2010  20:10:47] /m dwarf
[12/10/2010  17:33:45] /s bankman billy
[12/10/2010  17:34:54] /r
[12/10/2010  17:35:01] /s aldo
[12/10/2010  17:35:56] /r
[12/10/2010  18:00:53] /s aldo
[12/10/2010  18:04:52] /s aldo
[12/10/2010  18:05:19] /r
[12/10/2010  18:05:24] /s aldo
[12/10/2010  18:08:47] /s aldo
[12/10/2010  18:10:26] /r
[12/10/2010  18:13:04] /c algo
[12/10/2010  18:13:09] /c aldo
[12/10/2010  18:27:32] /r
[12/10/2010  18:27:33] /r
[12/10/2010  18:27:36] /r
[12/10/2010  18:27:49] /s dark rodo
[12/10/2010  18:28:58] /s dark rodo
[12/10/2010  18:29:40] /i 2160 100
[12/10/2010  18:35:53] /r
[12/10/2010  18:35:58] /reload npc
[12/10/2010  18:36:01] /s aldo
[12/10/2010  18:38:07] /reload npc
[12/10/2010  18:39:06] /reload npc
[12/10/2010  18:40:53] /reload npc
[12/10/2010  18:42:45] /reload npc
[12/10/2010  19:38:46] /r
[12/10/2010  19:39:58] /s drak rodo
[12/10/2010  19:40:13] /s drak rodo
[12/10/2010  19:40:19] /reload npc
[12/10/2010  19:40:21] /s drak rodo
[12/10/2010  19:40:41] /reload npc
[12/10/2010  19:40:46] /s dark rodo
[12/10/2010  19:41:06] /s dark rodo
[12/10/2010  19:42:11] /i 2000
[12/10/2010  19:43:02] /r
[12/10/2010  19:43:04] /r
[12/10/2010  19:43:07] /r
[12/10/2010  19:43:14] /reload npc
[12/10/2010  19:43:22] /s donald
[12/10/2010  19:52:43] /r
[12/10/2010  19:52:45] /r
[12/10/2010  19:52:46] /r
[12/10/2010  19:52:55] /s the forgotten king
[12/10/2010  19:58:20] /r
[12/10/2010  19:58:40] /s the forgotten king
[12/10/2010  20:04:45] /r
[12/10/2010  20:04:47] /r
[12/10/2010  20:05:49] /s /reoad npc
[12/10/2010  20:05:55] /reload npc
[12/10/2010  20:06:01] /s alice
[12/10/2010  20:08:24] /reload npc
[12/10/2010  20:12:32] /reload npc
[12/10/2010  20:16:47] /t
[12/10/2010  20:16:53] /a 5
[12/10/2010  20:17:12] /t
[12/10/2010  20:17:23] /r
[12/10/2010  20:17:28] /reload npc
[12/10/2010  20:17:38] /s the forgotten king
[12/10/2010  20:17:55] /r
[12/10/2010  20:17:58] /r
[12/10/2010  20:19:15] /reload npc
[12/10/2010  20:19:23] /s the forgotten king
[12/10/2010  20:20:52] /r
[12/10/2010  20:24:26] /reload npc
[12/10/2010  20:24:31] /s cityguard
[12/10/2010  20:29:37] /r
[12/10/2010  20:29:51] /reload npc
[12/10/2010  20:29:56] /s lola
[12/10/2010  20:30:46] /r
[12/10/2010  20:30:50] /s
[12/10/2010  20:32:58] /reload npc
[12/10/2010  20:33:03] /s the oracle
[12/10/2010  20:33:08] /r
[12/10/2010  20:33:12] /s the oracle
[12/10/2010  20:35:48] /reload npc
[12/10/2010  20:36:32] /r
[12/10/2010  20:36:34] /t
[12/10/2010  20:40:12] /s the oracle
[12/10/2010  20:41:03] /r
[12/10/2010  20:43:03] /s Deruno
[12/10/2010  20:43:58] /n lable 
[12/10/2010  20:44:01] /n label 
[12/10/2010  20:45:23] /n label 
[12/10/2010  20:46:11] /reload npc
[12/10/2010  20:48:00] /reload npc
[13/10/2010  15:55:19] /m rat
[14/10/2010  18:52:20] /r
[14/10/2010  18:52:21] /r
[14/10/2010  18:52:23] /r
[14/10/2010  18:52:38] /up
[14/10/2010  18:53:02] /t
