[2006-07-31 20:34] Crimsin: 
[2006-07-31 20:34] Crimsin: Osiris Spawning out of nowhere in jungle city
[2006-07-31 22:06] Saif: 
[2006-08-01 01:22] Sergilla: 
[2006-08-01 04:26] Vielka: 
[2006-08-01 06:00] Hotmaster: 
[2006-08-01 07:10] Dynasty: 
[2006-08-01 07:31] Speed Marcin: 
[2006-08-01 07:31] Speed Marcin: SO MACH LAG!!!!!!
[2006-08-01 07:31] Jonesy: 
[2006-08-01 07:32] Jonesy: FIND A NEW HOSTER OR SHUT THE SERVER DOWN THIS LAG IS SO BAD YOU CAN'T ATTACK ANYTHING
[2006-08-01 11:17] Hotmaster: Zetike says: FUCKING LAG AND FUCKING GM WTF U DOING WATCHING PRONO ?!
[2006-08-02 00:50] condog: 
[2006-08-02 00:50] Mortadela: 
[2006-08-02 03:46] Pred: in the bone town, south east corner where this 3 stages tower is, with firefields on the upper stage. Its bugged and u cant get out of there, the stairs are bugged somehow.
[2006-08-02 09:36] Sir el don: 
[2006-08-02 09:48] Sir el don: Mother fucker
[2006-08-02 09:49] Sir el don: Mother fuckkers
[2006-08-02 12:06] Sicx: 
[2006-08-02 15:05] Slap: 
[2006-08-02 15:32] shfdh: 
[2006-08-02 18:40] Skorz: 
[2006-08-02 18:40] Skorz: i cant put more items in depot
[2006-08-03 03:21] Kuzi: is gm online?
[2006-08-03 07:10] Vother: 
[2006-08-03 13:13] TerPi: can i have house? there are to houses that nobody owns it..
[2006-08-03 14:39] SternoX: 
[2006-08-03 19:33] Abdul: 
[2006-08-03 19:33] Abdul: Hey knightmare put your limit to 70 .. 
[2006-08-03 21:28] connor mac: 
[2006-08-04 00:45] Mortaladin: (Liqo use multiclient)
[2006-08-04 02:11] Blothoree the sniper: 
[2006-08-04 02:11] Blothoree the sniper: id like to say remo is mcer
[2006-08-04 02:22] Hush: Hi Knightmare, when I first started you told me multi clienting was allowed, but just a few minutes ago my friend Blothoree the sniper said you told him it wasn't allowed. rules changed? let me know
[2006-08-04 02:23] Hush: P.S. if they did, please don't ban me for multi clienting right now lol i didnt know. hopefully ur on when im done afk training my knight =)
[2006-08-04 04:03] Er Perao: 
[2006-08-04 08:17] Lemps: 
[2006-08-04 08:17] Adbul: 
[2006-08-04 08:17] Crack: 
[2006-08-04 08:17] Adbul: 
[2006-08-04 08:17] Adbul: 
[2006-08-04 08:17] Adbul: 
[2006-08-04 08:17] Adbul: 
[2006-08-04 08:17] Pimp: DMan put the time to be afk for 5 minut coz everybody is afk here 
[2006-08-04 08:17] Remo: 
[2006-08-04 08:17] Crack: lol?
[2006-08-04 08:17] Zetike: 
[2006-08-04 08:17] Latimer: 
[2006-08-04 08:17] Lansing: 
[2006-08-04 08:17] Royal Killer: 
[2006-08-04 08:17] Elite Fighter: 
[2006-08-04 08:17] Zetike: 
[2006-08-04 08:17] Xedrios: 
[2006-08-04 08:17] Nethys: 
[2006-08-04 08:17] Pimp: blablablalbla
[2006-08-04 08:17] Nethys: 
[2006-08-04 08:17] Zetike: MAN GIVE PIMP THE COMMAND
[2006-08-04 08:18] Kermit: 
[2006-08-04 08:18] Zetike: MAN GIVE PIMP THE COMMAND TO KICK PPL THEY ARE NOT LISTENING
[2006-08-04 08:18] Zetike: MAN GIVE PIMP THE COMMAND TO KICK PPL THEY ARE NOT LISTENING
[2006-08-04 08:18] Zetike: MAN GIVE PIMP THE COMMAND TO KICK PPL THEY ARE NOT LISTENING
[2006-08-04 08:18] Zetike: MAN GIVE PIMP THE COMMAND TO KICK PPL THEY ARE NOT LISTENING
[2006-08-04 08:18] Zetike: MAN GIVE PIMP THE COMMAND TO KICK PPL THEY ARE NOT LISTENING
[2006-08-04 08:18] Zetike: MAN GIVE PIMP THE COMMAND TO KICK PPL THEY ARE NOT LISTENING
[2006-08-04 08:20] Royal Killer: 
[2006-08-04 08:22] Royal Killer: 
[2006-08-04 08:28] Royal Killer: 
[2006-08-04 08:45] Remo: 
[2006-08-04 08:45] Cheak My Out: 
[2006-08-04 10:23] Slap: 
[2006-08-04 10:23] Slap: lags
[2006-08-04 14:15] Zetike: Hey man. You really really gotta remove some trainers .. Because it makes a huge lag.. 2 many trainers fast attack .. Its insane you know.. Please remove some trainers..
[2006-08-04 14:23] Mystery One: (line:      163 module:    Container assertion: (i>=0 && i<d) position:  [497,490,8] Parameter: -100)
[2006-08-04 18:18] elden: 
[2006-08-04 18:19] elden: cant get in house
[2006-08-04 18:19] Hush: I accidentally got banned on my sorc Coma because I was using burst arrows and noobs kept coming to super orsh >.< Could you please unban so I dont get deleted?
[2006-08-04 22:40] Hush: 01:39 You see a flamingo.It is Kikutek's minion., Also Hufu,  and someothers, also at the teleports a real flamingo appeared....How the fuck?
[2006-08-05 03:15] Kryniu: 
[2006-08-05 03:16] Kryniu: Sevaha is summoning flamingo and pking....
[2006-08-05 03:48] Kryniu: why flamingos could be summoned?!?
[2006-08-05 04:48] Nilba: 
[2006-08-05 10:33] Ownage Sorc: People can summon Flamingos
[2006-08-05 10:58] Galalala: 
[2006-08-05 11:04] Galalala: Summon flamingo
[2006-08-05 11:19] Macius: 
[2006-08-05 11:19] Macius: l
[2006-08-05 11:20] Macius: Hello, Please delete flamingo all people summon falmingo into teh dp and all people dead... ME too
[2006-08-05 12:29] redranger: lanker using flamingos
[2006-08-05 12:41] Glaedr: Screw your server and the nice little "Delete all my shit in my house"
[2006-08-05 14:31] Addicted: ppl have been summoning mass flamingos outside of dp and killing ppl, we shouldnt be able to summon flamingoes.
[2006-08-05 15:17] SternoX: 
[2006-08-05 15:17] SternoX: Dah Jord
[2006-08-06 06:03] Zetike: Szalona Justin Is afk training and spamming, please ban/delete. 
[2006-08-06 09:18] Alfons: 
[2006-08-06 10:25] Laska: off this server for lags
[2006-08-06 12:13] Acamus: DS give 100k experience, (Used to be like 8k, like its supposed to be), Hydras give 242k exp instead of 42k, and kongras have 15000hp and hit 500+ and still give 2100xp.. should be nerfed or give more xp
[2006-08-06 12:21] Zetike: Kin Jasin have mlvl 17 from your old ot the bug on all chars start on magic level 18. Remember? ..Please Edito to normal.. Because knight with Mlvl 17 is insane.
[2006-08-06 12:29] Acamus: You seriously need to cap the max amount of players at 50 or 60 (mass lag at 60+), and make the training monks massively spam manadrain. There are noobs casting Utani hur and exevo pan 10 times a second in the training areas! :x
[2006-08-06 16:37] Nilba: 
[2006-08-06 19:51] Sir Paladino din: 
[2006-08-07 12:49] Misiaczek: 
[2006-08-07 14:24] My Lord: 
[2006-08-07 14:24] Hush: Saif is still online, he was banned twice and also told me on his other char Acif it said: "You have been banned due to excesive Unjustified Player Killing. You WIll be deleted." How come you unbanned him?
[2006-08-07 14:24] Death: 
[2006-08-07 14:25] Death: 
[2006-08-07 14:25] Death: 
[2006-08-07 14:25] Death: 
[2006-08-07 14:25] Death: 
[2006-08-07 14:25] Death: 
[2006-08-07 14:25] Death: 
[2006-08-07 14:25] Death: 
[2006-08-07 14:25] Death: 
[2006-08-07 14:25] Death: 
[2006-08-07 14:25] Death: 
[2006-08-07 14:25] Death: 
[2006-08-07 14:25] Death: 
[2006-08-07 14:25] Death: 
[2006-08-07 14:25] Death: 
[2006-08-07 14:25] Death: 
[2006-08-07 14:25] Death: 
[2006-08-07 14:25] Death: 
[2006-08-07 14:31] My Lord: bug on orshy tower in sand city
[2006-08-07 14:43] Demoniac: 
[2006-08-07 14:43] Deman: 
[2006-08-07 14:43] Deman: 
[2006-08-07 14:44] Deman: debug
[2006-08-07 14:44] Deman: bad gm xD
[2006-08-07 14:46] Dark N: debug in the tower
[2006-08-07 14:47] Demoniac: Debug assertion in line 1031 of module ''GUI'' failed. The error hes been saved in the file error txt. Please submit theinformation in the file error txt. to a tutor.
[2006-08-07 14:47] My Lord: there is alot of lag
[2006-08-07 14:47] Spork The Knight: click the wall torches 3 times and they turn into a watch
[2006-08-07 14:48] Rowdie: SERVER LAGS TO MUCH
[2006-08-07 15:00] PaLaDiN gArY: 
[2006-08-07 15:00] PaLaDiN gArY: man can u fucking help me find this house please i been searching for liek a hour
[2006-08-07 15:02] PaLaDiN gArY: c i fucknig repot my question and fucknig igour me!!!
[2006-08-07 15:03] Wish dog: 
[2006-08-07 15:04] Wish dog: there is a bug by the trainging place  ......  and the lag is unbelive able please fix it..
[2006-08-07 17:41] aziz: 
[2006-08-07 17:42] aziz: pls im not can go way of treiners .. aim not stand in front of the door
[2006-08-07 19:44] Jeribob: 
[2006-08-07 19:44] Jeribob: If you right click the street lights twice they turn into statues
[2006-08-07 19:45] Kurita: 
[2006-08-07 20:13] Demoniac: Massss Laggggg :@@@
[2006-08-07 23:50] Rowdie: Owner needs to stop watching porn all day so the server doesnt lag
[2006-08-08 06:19] Hakubku: Im was been HACKED Look for searching character in homepage and syas my nick Macius and in searching debug and my ACCount!..Account:590097 plz help me
[2006-08-08 06:21] Hakubku: Im was been HACKED Look for searching character in homepage and syas my nick Macius and in searching debug and my ACCount!..Account:590097 plz help me and me password maaciek1 dont work ! 
[2006-08-08 06:21] Hakubku: Im was been HACKED Look for searching character in homepage and syas my nick Macius and in searching debug and my ACCount!..Account:590097 plz help me and me password maaciek1 dont work !
[2006-08-08 08:24] Royal Kabzia: 
[2006-08-08 17:35] aziz: my sd damage  is too low now... what hapen? now is 5k in monster yesterday is 7k .. and my lvl and ml is best of yesterday
[2006-08-08 19:00] redranger: i think smoking-ninja is botting in boneland trainers
[2006-08-08 22:16] Smoking-Ninja: 
[2006-08-08 22:17] Smoking-Ninja: i bought a house and cannot use it my name bugs the shit 23:10 You see a door. It belongs to house 'House 69'. Smoking owns this house. wanna rename me with out the - maybe idk
[2006-08-08 23:04] Broken the last: 
[2006-08-08 23:04] Broken the last: 
[2006-08-08 23:04] Broken the last: 
[2006-08-09 01:03] Saif: 
[2006-08-09 01:03] Saif: we want sd damage back plx :(
[2006-08-09 05:52] Morpheus The king: 
[2006-08-09 05:53] Morpheus The king: 
[2006-08-09 05:53] Morpheus The king: gm
[2006-08-09 06:44] Pure Pwnage: 
[2006-08-09 08:53] Cieli: 
[2006-08-09 10:42] Maliante: Knightmare Saif here man i cant log in in my acc man :( can u go on msn? please... i need my account back ! thx :(
[2006-08-09 10:45] Maliante: please go on msn :(!
[2006-08-09 11:37] stol: this is saif lol in my brother account =|, please hurry :(
[2006-08-09 12:13] Maliante: go in msn :( repair saif please
[2006-08-09 12:24] Morpheus The king: stot lagggggs
[2006-08-09 12:42] Maliante: get my account back ( saif ) :'(!
[2006-08-09 12:45] Maliante: 
[2006-08-09 12:45] Maliante: i want saif :(
[2006-08-09 14:01] Maliante: i want my saif back :(
[2006-08-09 16:19] Hush:  19:17 Robbydeatth: yes i love my bot
[2006-08-09 16:32] Buster Blitz: Zeddor was using a bug to kill the ppl, the stairs one
[2006-08-09 17:12] Acamus: In the highscores, it says when the last time a person has logged in. You should disown the houses of characters that havent logged in since august 1st or before. There are ppl that own houses that I have NEVER seen online
[2006-08-09 18:39] Joysome: i advanced from sword fighting, my sword lvl stayed the same, and green bar went back to zero (does this happen to all skills at 154?)
[2006-08-09 23:32] Roadie: 
[2006-08-09 23:32] Cozalol: 
[2006-08-09 23:32] Maori: 
[2006-08-09 23:32] Cozalol: player "Alis" have error
[2006-08-09 23:33] Maori: ALL DOORS BUGS!
[2006-08-09 23:35] Boba: 
[2006-08-09 23:36] Kermit: Please look for Homepage and go to Search Characters nick Macius debug in this site it was me account nick Macius..im Hacked...
[2006-08-10 00:02] Robbydeatth: 
[2006-08-10 00:02] Robbydeatth: The joes shield shoots spears
[2006-08-10 00:02] Roadie: (picks r so expensive)
[2006-08-10 00:03] Robbydeatth: the joes shield shoots spears and my weapon doesent work with it
[2006-08-10 00:41] Giloxe: there are not switch where u can put to get items
[2006-08-10 01:40] Mavs: 
[2006-08-10 02:13] Sniper king: 
[2006-08-10 02:13] Sniper king: it is laging pretty good now
[2006-08-10 07:19] Blue Fire: 
[2006-08-10 07:19] Blue Fire: i got this message while training that said "debugged" in a square bok in the middle of the screen
[2006-08-10 10:39] Sd Man: Alis is have error ;(
[2006-08-10 14:08] Acamus: You should make a rule about tutors having to give warning before they clean. The good tutors do, (Dark N, Cloudys, pimp) but Vielka and Anti Safe don't. Its just not cool when you lose a pick or a shovel to a clean that you had no warning of.
[2006-08-10 14:39] Acamus: Elephants should drop tusks, or if they do drop them, they should drop them more often. I have killed dozens and dozens and I havent even gotten one.
[2006-08-10 20:01] Rowdie: kongras hit  2ks and have a good amount of hp and only give 2100 exp
[2006-08-10 21:35] Kazuma: ok.. I know a glitch, where you can buy rings at the ring selling npc, and sell them for 3-5x that.. just letting you know..
[2006-08-10 22:30] Mushu: 
[2006-08-10 22:30] Mushu: lag
[2006-08-10 22:30] The Knight: bug
[2006-08-10 22:30] Lareef Scout: Gobolex: I sell picks(100k), shovels(50gp), and backpacks(10gp). I buy diamonds(200gp), rubies(100gp), and gold nuggets(250gp). You see 10 crystal coins. Gobolex: Sorry, you do not have enough money.
[2006-08-11 00:30] Vann: 
[2006-08-11 00:30] Vann: bug
[2006-08-11 01:35] Furiox: 
[2006-08-11 01:35] Furiox: ubauba
[2006-08-11 01:51] Kryptonite: xardas for using house door to get away from pz.
[2006-08-11 06:53] Justaguy: 
[2006-08-11 07:37] Matt the Fat Cat: 
[2006-08-11 07:37] Matt the Fat Cat: There's a wrong piece of grass in the orshabaal forest.
[2006-08-11 12:32] Robbydeath: hey, I have a problem my knight was deleted and i had to remake this account (same acc number as my old one)please respond to this or add me to msn robbydeath123@hotmail.com
[2006-08-11 14:48] Buster Blitz: There is a bug in the lvl 200 doors, when u go to the buildding with the orshes and u go to the second floor witht eh staricase u get bugged
[2006-08-11 17:53] Roadie: laggg
[2006-08-12 02:00] Songo Sayan: yo yo
[2006-08-12 06:27] Lady Strongh: gm q lvl pra usa exori?
[2006-08-12 06:27] Lady Strongh: gm q lvl pra usa exori?
[2006-08-12 06:55] Tainted: 
[2006-08-12 11:01] Firefox: How do i buy a promotion ?
[2006-08-12 12:00] Strick Forever: 
[2006-08-12 12:19] Strick Forever: 
[2006-08-12 13:31] Pally men: 
[2006-08-12 13:31] Pally men: Kicks LOADS
[2006-08-12 16:29] Smoking-Ninja: my other char in debuged and i cant log on it
[2006-08-12 16:30] Smoking-Ninja: my other char Lanker is debuged and i cant log on it*
[2006-08-12 17:02] Owning: GM the server sometimes is not very stable.  One of the main causes of the lag is that afk people uses afking bot and makes so much food on the ground(more than they will need) and it really cleans up the lag if i just do something about it. 
[2006-08-13 03:34] Zetike: Knightmare.. Dark N are kicking ppl for atk a red skull ? what that kinda of rule ? and he gonna ban me for that ?.. Btw just remember .. My guild include 30-40 members.. and all wonna join a new serv.. dont make me let ur ppl lose
[2006-08-13 03:45] Zetike: 12:45 Dark N: 06:44 Shinji: Yeah I think Shovel actually is gay, he had a wedding today but the whole time he was flirting with Zetike.OHHHHH!
[2006-08-13 11:13] Zetike: Thank you for that you listened once.. Thank you very much.. Dark N .. IP bannished me .. But i think you took it away.
[2006-08-13 11:29] Red-Superman: my account was hacked.. and I lost all my my items my main was Kazuma.. also I had Ryuho,  Kaza-Kun, and other pick chars, they were all deleted and hacked, and they remade my main "Kazuma" and took my house. my msn is Dylan1819@hotmail.com, ty...
[2006-08-14 07:29] Sinkingships: 
[2006-08-14 07:30] Sinkingships: I am unable to log onto my char daggermouth, says too many players are online and number never raches zero!
[2006-08-14 09:54] Dark Deathrage: CLEAN
[2006-08-14 09:54] Dark Deathrage: CLEAN
[2006-08-14 09:54] Dark Deathrage: CLEAN
[2006-08-14 09:54] Dark Deathrage: CLEAN
[2006-08-14 09:54] Dark Deathrage: CLEAN
[2006-08-14 09:55] Dark Deathrage: CLEAN
[2006-08-14 09:55] Dark Deathrage: CLEAN
[2006-08-14 09:55] Dark Deathrage: CLEAN
[2006-08-14 09:55] Dark Deathrage: CLEAN
[2006-08-14 09:55] Dark Deathrage: CLEAN
[2006-08-14 09:55] Dark Deathrage: CLEAN
[2006-08-14 09:55] Dark Deathrage: CLEAN
[2006-08-14 09:55] Dark Deathrage: CLEAN
[2006-08-14 09:55] Dark Deathrage: CLEAN
[2006-08-14 09:55] Dark Deathrage: CLEAN
[2006-08-14 09:55] Sethan: clean
[2006-08-14 09:55] Sethan: clean
[2006-08-14 09:55] Sethan: clean
[2006-08-14 09:59] Sethan: clean
[2006-08-14 09:59] Sethan: clean
[2006-08-14 11:01] Apoc darko: 
[2006-08-14 11:01] Apoc darko: me and kryniu are stuck in the training monks in bonetown
[2006-08-14 11:39] Sethan: clean the server
[2006-08-14 11:40] Sethan: clean the server
[2006-08-14 11:40] Sethan: clean the server
[2006-08-14 11:41] Sethan: clean the server
[2006-08-14 11:41] Sethan: clean the server
[2006-08-14 11:44] Sethan: Clean the server
[2006-08-14 18:11] Xavier: 
[2006-08-14 22:32] Daggamouth: -am unable to log onto char daggermouth
[2006-08-15 00:19] Sethan: Clean Server Gm!
[2006-08-15 00:19] Sethan: Clean Server Gm!
[2006-08-15 00:19] Sethan: Clean Server Gm!
[2006-08-15 00:19] Sethan: Clean Server Gm!
[2006-08-15 06:41] Mistrz: 
[2006-08-15 07:58] Zetike: man fuck this bug .. bow i have 2 frags all time .. i had 0 min left
[2006-08-15 07:58] Zetike: and it came up again 
[2006-08-15 07:58] Zetike: I want my frags leave but it never leave !!!!
[2006-08-15 07:59] Zetike: WHEN I HAVE 0 MIN IT GO UP TO HOUR AGAIN .. FUCK THIS FIX THIS MAN
[2006-08-15 13:05] Zetike: Man Donato Had account ban for killing .. and in 2 days it go .. why hes account came in deletion ?! thats unfair .. You really need give teh account back .. Hes MSN is  : scully_johnston@hotmail.com
[2006-08-15 13:07] sin hunter: 
[2006-08-15 13:08] Xavier: 
[2006-08-15 17:08] sin hunter: Donato was only bann 2 times and he said hes deleted,could you please undelete him? he was bann for more than 48 hours,he told me this in msn and its true,check site,please unban as soon as possible,he said thanks for your time
[2006-08-15 17:18] Donatoo: Hey knightmare man,yea this is Donato,i got bann twice and second time was deletion,i heard you cannot be deleted anymore? its been more than 48 hours,please consider a unbann,maybe a few of my friends sent reports aswell? well,do your best,cya ma
[2006-08-15 17:19] Ownage kniight: yo,this is ownage knight,as u can tell,i got bann once? maybe twice,i was stoned once,well,yea its deleted,almost beem 30 hours now,unban man? 154 sword,rock on:) ah well,peace playa
[2006-08-16 05:57] Zetike: man unban mobsta he got ban before the update and deletion ? cmon man
[2006-08-16 05:58] Pimpin: 
[2006-08-16 05:59] Pimpin: 
[2006-08-16 06:00] Pimpin: 
[2006-08-16 06:00] Pimpin: 
[2006-08-16 08:36] Arjona: 
[2006-08-16 08:40] What the: 
[2006-08-16 08:42] What the: 
[2006-08-16 08:50] What the: 
[2006-08-16 08:57] What the: 
[2006-08-16 08:57] What the: 
[2006-08-16 08:57] What the: 
[2006-08-16 09:02] What the: 
[2006-08-16 09:02] What the: 
[2006-08-16 09:04] What the: 
[2006-08-16 09:08] What the Fu: 
[2006-08-16 09:08] What the Fu: 
[2006-08-16 09:08] What the Fu: 
[2006-08-16 09:09] What the Fu: 
[2006-08-16 09:10] What the Fu: 
[2006-08-16 09:12] What the Fu: 
[2006-08-16 09:12] What the Fu: 
[2006-08-16 09:12] What the Fu: 
[2006-08-16 09:12] What the Fu: 
[2006-08-16 09:13] What the Fu: 
[2006-08-16 09:15] What the Fu: 
[2006-08-16 09:15] What the Fu: 
[2006-08-16 09:15] What the Fu: 
[2006-08-16 09:16] What the Fu: 
[2006-08-16 09:16] What the Fu: 
[2006-08-16 09:16] What the Fu: 
[2006-08-16 09:16] What the Fu: 
[2006-08-16 09:16] What the Fu: 
[2006-08-16 09:16] Zetike: Reizer is mpa booting ( training afk ) and spamming like hell
[2006-08-16 09:17] What the Fu: 
[2006-08-16 09:18] What the Fu: 
[2006-08-16 09:20] What the Fu: 
[2006-08-16 09:20] What the Fu: 
[2006-08-16 09:26] What the Fu: 
[2006-08-16 09:29] What the Fu: 
[2006-08-16 09:29] What the Fu: 
[2006-08-16 09:39] What the Fu: 
[2006-08-16 09:41] Proxy: my 2 acoutns are  buged and i did nothing,i would like it delt with please.
[2006-08-16 09:42] Proxy: my 2 acoutns are  buged and i did nothing,i would like it delt with please.
[2006-08-16 09:42] Red-Superman: Sandra is using bots with PVP.. alot of people seen it should be quite a few reports
[2006-08-16 09:43] What the Fu: 
[2006-08-16 09:43] What the Fu: 
[2006-08-16 09:44] Proxy: my 2 accounts are  buged and i did nothing,i would like it delt with please.
[2006-08-16 09:45] Proxy: my 2 accounts are  buged and i did nothing,i would like it delt with please.
[2006-08-16 09:45] What the Fu: 
[2006-08-16 09:45] What the Fu: 
[2006-08-16 09:45] What the Fu: 
[2006-08-16 09:45] What the Fu: 
[2006-08-16 09:45] What the Fu: 
[2006-08-16 09:46] What the Fu: 
[2006-08-16 09:46] What the Fu: 
[2006-08-16 09:46] What the Fu: 
[2006-08-16 09:46] What the Fu: 
[2006-08-16 09:46] What the Fu: 
[2006-08-16 09:46] Proxy: my 2 accounts are  buged and i did nothing,i would like it delt with please.
[2006-08-16 09:48] Proxy: my 2 accounts are  buged and i did nothing,i would like it delt with please.
[2006-08-16 09:51] Proxy: my 2 accounts are  buged and i did nothing,i would like it delt with please.
[2006-08-16 09:52] What the Fu: 
[2006-08-16 10:00] Proxy: my 2 accounts are  buged and i did nothing,i would like it delt with please.
[2006-08-16 10:10] Proxy: my 2 accounts there buged and i did nothing it is saying my account and pass or wrong ,i would like it delt with please.
[2006-08-16 10:12] Proxy: my 2 accounts there buged and i did nothing it is saying my account and pass or wrong ,i would like it delt with please.
[2006-08-16 13:51] Proxy: my 2 accounts are buged and i did nothing it says that my acc and pass is wrong,i would like it delt with please.
[2006-08-16 16:51] Tainted: the doors in the lvl 350+ area 2 levels down at demons dont work... it means i cant explore anything besides this 2x2 square
[2006-08-17 03:17] Sir of Wolfs: 
[2006-08-17 03:18] Sir of Wolfs: 
[2006-08-17 03:18] Sir of Wolfs: someone killed my
[2006-08-17 03:18] Sir of Wolfs: someone has hacked my char gargos necron
[2006-08-17 07:24] Donatoo: UNBAN donato knightmare,i was only bann twice and it says im deleted,i was bann for like 4 days,fix it!!!!!!!!!!!!!!
[2006-08-17 07:24] Donatoo: UNBAN donato knightmare,i was only bann twice and it says im deleted,i was bann for like 4 days,fix it!!!!!!!!!!!!!!
[2006-08-17 07:28] Skull Skins: holy fuck man  my Skull-Skins char is buged or somthing,i get on the waiting list,its gay as hell,hes lvl 400 master,fix it???bye,skull-skins
[2006-08-17 07:28] Skull Skins: holy fuck man  my Skull-Skins char is buged or somthing,i get on the waiting list,its gay as hell,hes lvl 400 master,fix it???bye,skull-skins
[2006-08-17 07:31] Monsterr: --Hi,my Monster char is Buged,i get on the waiting list,id like it fixed ASAP,i hear its happening to alot of people aswell? well anyway,bye
[2006-08-17 07:31] Monsterr: --Hi,my Monster char is Buged,i get on the waiting list,id like it fixed ASAP,i hear its happening to alot of people aswell? well anyway,bye
[2006-08-17 07:40] Skull-Skins: ,Sorry about the complain of the waiting list,it really happend,but i tryed loggin on about 20 times
[2006-08-17 07:40] Skull-Skins: ,Sorry about the complain of the waiting list,it really happend,but i tryed loggin on about 20 times and it worked *,bye,ty
[2006-08-17 11:13] Pimpin: 
[2006-08-17 14:59] Pantera: VARFÖR BLEV DET SERVER RESTART ORKA DET
[2006-08-17 14:59] Pantera: VARFÖR BLEV DET SERVER RESTART ORKA DET
[2006-08-17 14:59] Pantera: VARFÖR BLEV DET SERVER RESTART ORKA DET
[2006-08-17 14:59] Pantera: VARFÖR BLEV DET SERVER RESTART ORKA DET
[2006-08-17 14:59] Pantera: VARFÖR BLEV DET SERVER RESTART ORKA DET
[2006-08-17 14:59] Pantera: VARFÖR BLEV DET SERVER RESTART ORKA DET
[2006-08-17 14:59] Pantera: VARFÖR BLEV DET SERVER RESTART ORKA DET
[2006-08-17 14:59] Pantera: VARFÖR BLEV DET SERVER RESTART ORKA DET
[2006-08-17 14:59] Pantera: VARFÖR BLEV DET SERVER RESTART ORKA DET
[2006-08-17 14:59] Pantera: VARFÖR BLEV DET SERVER RESTART ORKA DET
[2006-08-17 14:59] Pantera: VARFÖR BLEV DET SERVER RESTART ORKA DET
[2006-08-17 15:00] Pantera: VARFÖR BLEV DET SERVER RESTART ORKA DET
[2006-08-17 15:00] Pantera: VARFÖR BLEV DET SERVER RESTART ORKA DET
[2006-08-17 15:00] Pantera: VARFÖR BLEV DET SERVER RESTART ORKA DET
[2006-08-17 15:00] Pantera: VARFÖR BLEV DET SERVER RESTART ORKA DET
[2006-08-17 15:00] Pantera: VARFÖR BLEV DET SERVER RESTART ORKA DET
[2006-08-17 15:00] Pantera: VARFÖR BLEV DET SERVER RESTART ORKA DET
[2006-08-17 15:00] Pantera: VARFÖR BLEV DET SERVER RESTART ORKA DET
[2006-08-17 15:00] Pantera: VARFÖR BLEV DET SERVER RESTART ORKA DET
[2006-08-17 15:00] Pantera: VARFÖR BLEV DET SERVER RESTART ORKA DET
[2006-08-17 15:00] Pantera: VARFÖR BLEV DET SERVER RESTART ORKA DET
[2006-08-17 15:00] Pantera: VARFÖR BLEV DET SERVER RESTART ORKA DET
[2006-08-17 15:00] Pantera: VARFÖR BLEV DET SERVER RESTART ORKA DET
[2006-08-17 15:00] Pantera: VARFÖR BLEV DET SERVER RESTART ORKA DET
[2006-08-18 22:03] Fear: Why can't I create a new caracter?
[2007-11-09 17:42] Lezar: Flamy for thiefing
[2007-11-09 17:42] Lezar: Flamy for thiefing
[2007-11-09 17:42] Lezar: Flamy for thiefing
[2007-11-09 17:42] Lezar: Flamy for thiefing
[2007-11-11 19:23] Super Girl: 
[2007-11-11 19:23] Super Girl: 
[2007-11-11 19:23] Super Girl: 
[2007-11-11 19:23] Super Girl: 
[2007-11-11 19:23] Super Girl: 
[2007-11-11 19:23] Super Girl: 
[2007-11-11 19:23] Super Girl: 
[2007-11-11 19:23] Super Girl: 
[2007-11-11 19:23] Super Girl: 
[2007-11-11 19:23] Super Girl: 
[2007-11-11 19:23] Super Girl: 
[2007-11-11 19:23] Super Girl: 
[2007-11-11 19:23] Super Girl: 
[2007-11-11 19:23] Super Girl: 
[2007-11-11 19:23] Super Girl: 
[2007-11-11 19:23] Super Girl: 
[2007-11-11 19:23] Super Girl: 
[2007-11-11 19:23] Super Girl: 
[2007-11-11 19:23] Super Girl: 
[2007-11-11 19:23] Super Girl: 
[2007-11-11 19:23] Super Girl: 
[2007-11-11 19:23] Super Girl: 
[2007-11-11 19:23] Super Girl: 
[2007-11-11 19:23] Super Girl: 
[2007-11-11 19:23] Super Girl: 
[2007-11-11 19:23] Super Girl: 
[2007-11-11 19:23] Super Girl: 
[2007-11-11 19:23] Super Girl: 
[2007-11-11 19:23] Super Girl: 
[2007-11-11 19:23] Super Girl: 
[2007-11-11 19:23] Super Girl: 
[2007-11-11 19:23] Super Girl: 
[2007-11-11 19:23] Super Girl: 
[2007-11-11 19:23] Super Girl: 
[2007-11-11 19:23] Super Girl: 
[2007-11-11 19:23] Super Girl: 
[2007-11-11 19:23] Super Girl: 
[2007-11-11 19:23] Super Girl: 
[2007-11-11 19:23] Super Girl: 
[2007-11-11 19:23] Super Girl: 
[2007-11-11 19:23] Super Girl: 
[2007-11-11 19:23] Super Girl: 
[2007-11-11 19:23] Super Girl: 
[2007-11-11 19:23] Super Girl: 
[2007-11-11 19:23] Super Girl: 
[2007-11-11 19:23] Super Girl: 
[2007-11-11 19:23] Super Girl: 
[2007-11-11 19:23] Super Girl: 
[2007-11-11 19:23] Super Girl: 
[2007-11-11 19:23] Super Girl: 
[2007-11-11 19:23] Super Girl: 
[2007-11-11 19:23] Super Girl: 
[2007-11-11 19:23] Super Girl: 
[2007-11-11 19:23] Super Girl: 
[2007-11-11 19:23] Super Girl: 
[2007-11-11 19:23] Super Girl: 
[2007-11-11 19:23] Super Girl: 
[2007-11-11 19:23] Super Girl: 
[2007-11-11 19:23] Super Girl: 
[2007-11-11 19:23] Super Girl: 
[2007-11-11 19:23] Super Girl: 
[2007-11-11 19:23] Super Girl: 
[2007-11-11 19:23] Super Girl: 
[2007-11-11 19:23] Super Girl: 
[2007-11-11 19:23] Super Girl: 
[2007-11-11 19:23] Super Girl: 
[2007-11-11 19:23] Super Girl: 
[2007-11-11 19:23] Super Girl: 
[2007-11-11 19:23] Super Girl: 
[2007-11-11 19:23] Super Girl: 
[2007-11-11 19:23] Super Girl: 
[2007-11-11 19:23] Super Girl: 
[2007-11-11 19:23] Super Girl: 
[2007-11-11 19:23] Super Girl: 
[2007-11-11 19:23] Super Girl: 
[2007-11-11 19:23] Super Girl: 
[2007-11-11 19:23] Super Girl: 
[2007-11-11 19:23] Super Girl: 
[2007-11-11 19:23] Super Girl: 
[2007-11-11 19:23] Super Girl: 
[2007-11-11 19:23] Super Girl: 
[2007-11-11 19:23] Super Girl: 
[2007-11-11 19:23] Super Girl: 
[2007-11-11 19:23] Super Girl: 
[2007-11-11 19:23] Super Girl: 
[2007-11-11 19:23] Super Girl: 
[2007-11-11 19:23] Super Girl: 
[2007-11-11 19:23] Super Girl: 
[2007-11-11 19:23] Super Girl: 
[2007-11-11 19:23] Super Girl: 
[2007-11-11 19:23] Super Girl: 
[2007-11-11 19:23] Super Girl: 
[2007-11-11 19:23] Super Girl: 
[2007-11-11 19:23] Super Girl: 
[2007-11-11 19:23] Super Girl: 
[2007-11-11 19:23] Super Girl: 
[2007-11-11 19:23] Super Girl: 
[2007-11-11 19:23] Super Girl: 
[2007-11-11 19:23] Super Girl: 
[2007-11-11 19:23] Super Girl: 
[2007-11-11 19:23] Super Girl: 
[2007-11-11 19:23] Super Girl: 
[2007-11-11 19:23] Super Girl: 
[2007-11-11 19:23] Super Girl: 
[2007-11-11 19:23] Super Girl: 
[2007-11-11 19:23] Super Girl: 
[2007-11-11 19:23] Super Girl: 
[2007-11-11 19:23] Super Girl: 
[2007-11-11 19:23] Super Girl: 
[2007-11-11 19:23] Super Girl: 
[2007-11-11 19:23] Super Girl: 
[2007-11-11 19:23] Super Girl: 
[2007-11-11 19:23] Super Girl: 
[2007-11-11 19:23] Super Girl: 
[2007-11-11 19:23] Super Girl: 
[2007-11-11 19:23] Super Girl: 
[2007-11-11 19:23] Super Girl: 
[2007-11-11 19:23] Super Girl: 
[2007-11-11 19:23] Super Girl: 
[2007-11-11 19:23] Super Girl: 
[2007-11-11 19:23] Super Girl: 
[2007-11-11 19:23] Super Girl: 
[2007-11-11 19:23] Super Girl: 
[2007-11-11 19:23] Super Girl: 
[2007-11-11 19:23] Super Girl: 
[2007-11-11 19:23] Super Girl: 
[2007-11-11 19:23] Super Girl: 
[2007-11-11 19:23] Super Girl: 
[2007-11-11 19:23] Super Girl: 
[2007-11-11 19:23] Super Girl: 
[2007-11-11 19:23] Super Girl: 
[2007-11-11 19:23] Super Girl: 
[2007-11-11 19:23] Super Girl: 
[2007-11-11 19:23] Super Girl: 
[2007-11-11 19:23] Super Girl: 
[2007-11-11 19:23] Super Girl: 
[2007-11-11 19:23] Super Girl: 
[2007-11-11 19:23] Super Girl: 
[2007-11-11 19:23] Super Girl: 
[2007-11-11 19:23] Super Girl: 
[2007-11-11 19:23] Super Girl: 
[2007-11-11 19:23] Super Girl: 
[2007-11-11 19:23] Super Girl: 
[2007-11-11 19:23] Super Girl: 
[2007-11-11 19:23] Super Girl: 
[2007-11-11 19:23] Super Girl: 
[2007-11-11 19:23] Super Girl: 
[2007-11-11 19:23] Super Girl: 
[2007-11-11 19:23] Super Girl: 
[2007-11-11 19:23] Super Girl: 
[2007-11-11 19:23] Super Girl: 
[2007-11-11 19:23] Super Girl: 
[2007-11-11 19:23] Super Girl: 
[2007-11-11 19:23] Super Girl: 
[2007-11-11 19:23] Super Girl: 
[2007-11-11 19:23] Super Girl: 
[2007-11-11 19:23] Super Girl: 
[2007-11-11 19:23] Super Girl: 
[2007-11-11 19:23] Super Girl: 
[2007-11-11 19:23] Super Girl: 
[2007-11-11 19:23] Super Girl: 
[2007-11-11 19:23] Super Girl: 
[2007-11-11 19:23] Super Girl: 
[2007-11-11 19:23] Super Girl: 
[2007-11-11 19:23] Super Girl: 
[2007-11-11 19:23] Super Girl: 
[2007-11-11 19:23] Super Girl: 
[2007-11-11 19:23] Super Girl: 
[2007-11-11 19:23] Super Girl: 
[2007-11-11 19:23] Super Girl: 
[2007-11-11 19:23] Super Girl: 
[2007-11-11 19:23] Super Girl: 
[2007-11-11 19:23] Super Girl: 
[2007-11-11 19:23] Super Girl: 
[2007-11-11 19:23] Super Girl: 
[2007-11-11 19:23] Super Girl: 
[2007-11-11 19:23] Super Girl: 
[2007-11-11 19:23] Super Girl: 
[2007-11-11 19:23] Super Girl: 
[2007-11-11 19:23] Super Girl: 
[2007-11-11 19:23] Super Girl: 
[2007-11-11 19:23] Super Girl: 
[2007-11-11 19:23] Super Girl: 
[2007-11-11 19:23] Super Girl: 
[2007-11-11 19:23] Super Girl: 
[2007-11-11 19:23] Super Girl: 
[2007-11-11 19:23] Super Girl: 
[2007-11-11 19:23] Super Girl: 
[2007-11-11 19:23] Super Girl: 
[2007-11-11 19:23] Super Girl: 
[2007-11-11 19:23] Super Girl: 
[2007-11-11 19:23] Super Girl: 
[2007-11-11 19:23] Super Girl: 
[2007-11-11 19:23] Super Girl: 
[2007-11-11 19:23] Super Girl: 
[2007-11-11 19:23] Super Girl: 
[2007-11-11 19:23] Super Girl: 
[2007-11-11 19:23] Super Girl: 
[2007-11-11 19:23] Super Girl: 
[2007-11-11 19:23] Super Girl: 
[2007-11-11 19:23] Super Girl: 
[2007-11-11 19:23] Super Girl: 
[2007-11-11 19:23] Super Girl: 
[2007-11-11 19:23] Super Girl: 
[2007-11-11 19:23] Super Girl: 
[2007-11-11 19:23] Super Girl: 
[2007-11-11 19:23] Super Girl: 
[2007-11-11 19:23] Super Girl: 
[2007-11-11 19:23] Super Girl: 
[2007-11-11 19:23] Super Girl: 
[2007-11-11 19:23] Super Girl: 
[2007-11-11 19:23] Super Girl: 
[2007-11-11 19:23] Super Girl: 
[2007-11-11 19:23] Super Girl: 
[2007-11-11 19:23] Super Girl: 
[2007-11-11 19:23] Super Girl: 
[2007-11-11 19:23] Super Girl: 
[2007-11-11 19:23] Super Girl: 
[2007-11-11 19:23] Super Girl: 
[2007-11-11 19:23] Super Girl: 
[2007-11-11 19:23] Super Girl: 
[2007-11-11 19:23] Super Girl: 
[2007-11-11 19:23] Super Girl: 
[2007-11-11 19:23] Super Girl: 
[2007-11-11 19:23] Super Girl: 
[2007-11-11 19:23] Super Girl: 
[2007-11-11 19:23] Super Girl: 
[2007-11-11 19:23] Super Girl: 
[2007-11-11 19:23] Super Girl: 
[2007-11-11 19:23] Super Girl: 
[2007-11-11 19:23] Super Girl: 
[2007-11-11 19:23] Super Girl: 
[2007-11-11 19:23] Super Girl: 
[2007-11-11 19:23] Super Girl: 
[2007-11-11 19:23] Super Girl: 
[2007-11-11 19:23] Super Girl: 
[2007-11-11 19:23] Super Girl: 
[2007-11-11 19:23] Super Girl: 
[2007-11-11 19:23] Super Girl: 
[2007-11-11 19:23] Super Girl: 
[2007-11-11 19:23] Super Girl: 
[2007-11-11 19:23] Super Girl: 
[2007-11-11 19:23] Super Girl: 
[2007-11-11 19:23] Super Girl: 
[2007-11-11 19:23] Super Girl: 
[2007-11-11 19:23] Super Girl: 
[2007-11-11 19:23] Super Girl: 
[2007-11-11 19:23] Super Girl: 
[2007-11-11 19:23] Super Girl: 
[2007-11-11 19:23] Super Girl: 
[2007-11-11 19:23] Super Girl: 
[2007-11-11 19:23] Super Girl: 
[2007-11-11 19:23] Super Girl: 
[2007-11-11 19:23] Super Girl: 
[2007-11-11 19:23] Super Girl: 
[2007-11-11 19:23] Super Girl: 
[2007-11-11 19:23] Super Girl: 
[2007-11-11 19:23] Super Girl: 
[2007-11-11 19:23] Super Girl: 
[2007-11-11 19:23] Super Girl: 
[2007-11-11 19:23] Super Girl: 
[2007-11-11 19:23] Super Girl: 
[2007-11-11 19:23] Super Girl: 
[2007-11-11 19:23] Super Girl: 
[2007-11-11 19:23] Super Girl: 
[2007-11-11 19:23] Super Girl: 
[2007-11-11 19:23] Super Girl: 
[2007-11-11 19:23] Super Girl: 
[2007-11-11 19:23] Super Girl: 
[2007-11-11 19:23] Super Girl: 
[2007-11-11 19:23] Super Girl: 
[2007-11-11 19:23] Super Girl: 
[2007-11-11 19:23] Super Girl: 
[2007-11-11 19:23] Super Girl: 
[2007-11-11 19:23] Super Girl: 
[2007-11-11 19:23] Super Girl: 
[2007-11-11 19:23] Super Girl: 
[2007-11-11 19:23] Super Girl: 
[2007-11-11 19:23] Super Girl: 
[2007-11-11 19:23] Super Girl: 
[2007-11-11 19:23] Super Girl: 
[2007-11-11 19:23] Super Girl: 
[2007-11-11 19:23] Super Girl: 
[2007-11-11 19:23] Super Girl: 
[2007-11-11 19:23] Super Girl: 
[2007-11-11 19:23] Super Girl: 
[2007-11-11 19:23] Super Girl: 
[2007-11-11 19:23] Super Girl: 
[2007-11-11 19:23] Super Girl: 
[2007-11-11 19:23] Super Girl: 
[2007-11-11 19:23] Super Girl: 
[2007-11-11 19:23] Super Girl: 
[2007-11-11 19:23] Super Girl: 
[2007-11-11 19:23] Super Girl: 
[2007-11-11 19:23] Super Girl: 
[2007-11-11 19:23] Super Girl: 
[2007-11-11 19:23] Super Girl: 
[2007-11-11 19:23] Super Girl: 
[2007-11-11 19:23] Super Girl: 
[2007-11-11 19:23] Super Girl: 
[2007-11-11 19:23] Super Girl: 
[2007-11-11 19:23] Super Girl: 
[2007-11-11 19:23] Super Girl: 
[2007-11-11 19:23] Super Girl: 
[2007-11-11 19:23] Super Girl: 
[2007-11-11 19:23] Super Girl: 
[2007-11-11 19:23] Super Girl: 
[2007-11-11 19:23] Super Girl: 
[2007-11-11 19:23] Super Girl: 
[2007-11-11 19:23] Super Girl: 
[2007-11-11 19:23] Super Girl: 
[2007-11-11 19:23] Super Girl: 
[2007-11-11 19:23] Super Girl: 
[2007-11-11 19:23] Super Girl: 
[2007-11-11 19:23] Super Girl: 
[2007-11-11 19:23] Super Girl: 
[2007-11-11 19:23] Super Girl: 
[2007-11-11 19:23] Super Girl: 
[2007-11-11 19:23] Super Girl: 
[2007-11-11 19:23] Super Girl: 
[2007-11-11 19:23] Super Girl: 
[2007-11-11 19:23] Super Girl: 
[2007-11-11 19:23] Super Girl: 
[2007-11-11 19:23] Super Girl: 
[2007-11-11 19:23] Super Girl: 
[2007-11-11 19:23] Super Girl: 
[2007-11-11 19:23] Super Girl: 
[2007-11-11 19:23] Super Girl: 
[2007-11-11 19:23] Super Girl: 
[2007-11-11 19:23] Super Girl: 
[2007-11-11 19:23] Super Girl: 
[2007-11-11 19:23] Super Girl: 
[2007-11-11 19:23] Super Girl: 
[2007-11-11 19:23] Super Girl: 
[2007-11-11 19:23] Super Girl: 
[2007-11-11 19:23] Super Girl: 
[2007-11-11 19:23] Super Girl: 
[2007-11-11 19:23] Super Girl: 
[2007-11-11 19:23] Super Girl: 
[2007-11-11 19:23] Super Girl: 
[2007-11-11 19:23] Super Girl: 
[2007-11-11 19:23] Super Girl: 
[2007-11-11 19:23] Super Girl: 
[2007-11-11 19:23] Super Girl: 
[2007-11-11 19:23] Super Girl: 
[2007-11-11 19:23] Super Girl: 
[2007-11-11 19:23] Super Girl: 
[2007-11-11 19:23] Super Girl: 
[2007-11-11 19:23] Super Girl: 
[2007-11-11 19:23] Super Girl: 
[2007-11-11 19:23] Super Girl: 
[2007-11-11 19:23] Super Girl: 
[2007-11-11 19:23] Super Girl: 
[2007-11-11 19:23] Super Girl: 
[2007-11-11 19:23] Super Girl: 
[2007-11-11 19:23] Super Girl: 
[2007-11-11 19:23] Super Girl: 
[2007-11-11 19:23] Super Girl: 
[2007-11-11 19:23] Super Girl: 
[2007-11-11 19:23] Super Girl: 
[2007-11-11 19:23] Super Girl: 
[2007-11-11 19:23] Super Girl: 
[2007-11-11 19:23] Super Girl: 
[2007-11-11 19:23] Super Girl: 
[2007-11-11 19:23] Super Girl: 
[2007-11-11 19:23] Super Girl: 
[2007-11-11 19:23] Super Girl: 
[2007-11-11 19:23] Super Girl: 
[2007-11-11 19:23] Super Girl: 
[2007-11-11 19:23] Super Girl: 
[2007-11-11 19:23] Super Girl: 
[2007-11-11 19:23] Super Girl: 
[2007-11-11 19:23] Super Girl: 
[2007-11-11 19:23] Super Girl: 
[2007-11-11 19:23] Super Girl: 
[2007-11-11 19:23] Super Girl: 
[2007-11-11 19:23] Super Girl: 
[2007-11-11 19:23] Super Girl: 
[2007-11-11 19:23] Super Girl: 
[2007-11-11 19:23] Super Girl: 
[2007-11-11 19:23] Super Girl: 
[2007-11-11 19:23] Super Girl: 
[2007-11-11 19:23] Super Girl: 
[2007-11-11 19:23] Super Girl: 
[2007-11-11 19:23] Super Girl: 
[2007-11-11 19:23] Super Girl: 
[2007-11-11 19:23] Super Girl: 
[2007-11-11 19:23] Super Girl: 
[2007-11-11 19:23] Super Girl: 
[2007-11-11 19:23] Super Girl: 
[2007-11-11 19:23] Super Girl: 
[2007-11-11 19:23] Super Girl: 
[2007-11-11 19:23] Super Girl: 
[2007-11-11 19:23] Super Girl: 
[2007-11-11 19:23] Super Girl: 
[2007-11-11 19:23] Super Girl: 
[2007-11-11 19:23] Super Girl: 
[2007-11-11 19:23] Super Girl: 
[2007-11-11 19:23] Super Girl: 
[2007-11-11 19:23] Super Girl: 
[2007-11-11 19:23] Super Girl: 
[2007-11-11 19:23] Super Girl: 
[2007-11-11 19:23] Super Girl: 
[2007-11-11 19:23] Super Girl: 
[2007-11-11 19:23] Super Girl: 
[2007-11-11 19:23] Super Girl: 
[2007-11-11 19:23] Super Girl: 
[2007-11-11 19:23] Super Girl: 
[2007-11-11 19:23] Super Girl: 
[2007-11-11 19:23] Super Girl: 
[2007-11-11 19:23] Super Girl: 
[2007-11-11 19:23] Super Girl: 
[2007-11-11 19:23] Super Girl: 
[2007-11-11 19:23] Super Girl: 
[2007-11-11 19:23] Super Girl: 
[2007-11-11 19:23] Super Girl: 
[2007-11-11 19:23] Super Girl: 
[2007-11-11 19:23] Super Girl: 
[2007-11-11 19:23] Super Girl: 
[2007-11-11 19:23] Super Girl: 
[2007-11-11 19:23] Super Girl: 
[2007-11-11 19:23] Super Girl: 
[2007-11-11 19:23] Super Girl: 
[2007-11-11 19:23] Super Girl: 
[2007-11-11 19:23] Super Girl: 
[2007-11-11 19:23] Super Girl: 
[2007-11-11 19:23] Super Girl: 
[2007-11-11 19:23] Super Girl: 
[2007-11-11 19:23] Super Girl: 
[2007-11-11 19:23] Super Girl: 
[2007-11-11 19:23] Super Girl: 
[2007-11-11 19:23] Super Girl: 
[2007-11-11 19:23] Super Girl: 
[2007-11-11 19:23] Super Girl: 
[2007-11-11 19:23] Super Girl: 
[2007-11-11 19:23] Super Girl: 
[2007-11-11 19:23] Super Girl: 
[2007-11-11 19:23] Super Girl: 
[2007-11-11 19:23] Super Girl: 
[2007-11-11 19:23] Super Girl: 
[2007-11-11 19:23] Super Girl: 
[2007-11-11 19:23] Super Girl: 
[2007-11-11 19:23] Super Girl: 
[2007-11-11 19:23] Super Girl: 
[2007-11-11 19:23] Super Girl: 
[2007-11-11 19:23] Super Girl: 
[2007-11-11 19:23] Super Girl: 
[2007-11-11 19:23] Super Girl: 
[2007-11-11 19:23] Super Girl: 
[2007-11-11 19:23] Super Girl: 
[2007-11-11 19:23] Super Girl: 
[2007-11-11 19:23] Super Girl: 
[2007-11-11 19:23] Super Girl: 
[2007-11-11 19:23] Super Girl: 
[2007-11-11 19:23] Super Girl: 
[2007-11-11 19:23] Super Girl: 
[2007-11-11 19:23] Super Girl: 
[2007-11-11 19:23] Super Girl: 
[2007-11-11 19:23] Super Girl: 
[2007-11-11 19:23] Super Girl: 
[2007-11-11 19:23] Super Girl: 
[2007-11-11 19:23] Super Girl: 
[2007-11-11 19:23] Super Girl: 
[2007-11-11 19:23] Super Girl: 
[2007-11-11 19:23] Super Girl: 
[2007-11-11 19:23] Super Girl: 
[2007-11-11 19:23] Super Girl: 
[2007-11-11 19:23] Super Girl: 
[2007-11-11 19:23] Super Girl: 
[2007-11-11 19:23] Super Girl: 
[2007-11-11 19:23] Super Girl: 
[2007-11-11 19:23] Super Girl: 
[2007-11-11 19:23] Super Girl: 
[2007-11-11 19:23] Super Girl: 
[2007-11-11 19:23] Super Girl: 
[2007-11-11 19:23] Super Girl: 
[2007-11-11 19:23] Super Girl: 
[2007-11-11 19:23] Super Girl: 
[2007-11-11 19:23] Super Girl: 
[2007-11-11 19:23] Super Girl: 
[2007-11-11 19:23] Super Girl: 
[2007-11-11 19:23] Super Girl: 
[2007-11-11 19:23] Super Girl: 
[2007-11-11 19:23] Super Girl: 
[2007-11-11 19:23] Super Girl: 
[2007-11-11 19:23] Super Girl: 
[2007-11-11 19:23] Super Girl: 
[2007-11-11 19:23] Super Girl: 
[2007-11-11 19:23] Super Girl: 
[2007-11-11 19:23] Super Girl: 
[2007-11-11 19:23] Super Girl: 
[2007-11-11 19:23] Super Girl: 
[2007-11-11 19:23] Super Girl: 
[2007-11-11 19:23] Super Girl: 
[2007-11-11 19:23] Super Girl: 
[2007-11-11 19:23] Super Girl: 
[2007-11-11 19:23] Super Girl: 
[2007-11-11 19:23] Super Girl: 
[2007-11-11 19:23] Super Girl: 
[2007-11-11 19:23] Super Girl: 
[2007-11-11 19:23] Super Girl: 
[2007-11-11 19:23] Super Girl: 
[2007-11-11 19:23] Super Girl: 
[2007-11-11 19:23] Super Girl: 
[2007-11-11 19:23] Super Girl: 
[2007-11-11 19:23] Super Girl: 
[2007-11-11 19:23] Super Girl: 
[2007-11-11 19:23] Super Girl: 
[2007-11-11 19:23] Super Girl: 
[2007-11-11 19:23] Super Girl: 
[2007-11-11 19:23] Super Girl: 
[2007-11-11 19:23] Super Girl: 
[2007-11-11 19:23] Super Girl: 
[2007-11-11 19:23] Super Girl: 
[2007-11-11 19:23] Super Girl: 
[2007-11-11 19:23] Super Girl: 
[2007-11-11 19:23] Super Girl: 
[2007-11-11 19:23] Super Girl: 
[2007-11-11 19:23] Super Girl: 
[2007-11-11 19:23] Super Girl: 
[2007-11-11 19:23] Super Girl: 
[2007-11-11 19:23] Super Girl: 
[2007-11-11 19:23] Super Girl: 
[2007-11-11 19:23] Super Girl: 
[2007-11-11 19:23] Super Girl: 
[2007-11-11 19:23] Super Girl: 
[2007-11-11 19:23] Super Girl: 
[2007-11-11 19:23] Super Girl: 
[2007-11-11 19:23] Super Girl: 
[2007-11-11 19:23] Super Girl: 
[2007-11-11 19:23] Super Girl: 
[2007-11-11 19:23] Super Girl: 
[2007-11-11 19:23] Super Girl: 
[2007-11-11 19:23] Super Girl: 
[2007-11-11 19:23] Super Girl: 
[2007-11-11 19:23] Super Girl: 
[2007-11-11 19:23] Super Girl: 
[2007-11-11 19:23] Super Girl: 
[2007-11-11 19:23] Super Girl: 
[2007-11-11 19:23] Super Girl: 
[2007-11-11 19:23] Super Girl: 
[2007-11-11 19:23] Super Girl: 
[2007-11-11 19:23] Super Girl: 
[2007-11-11 19:23] Super Girl: 
[2007-11-11 19:23] Super Girl: 
[2007-11-11 19:23] Super Girl: 
[2007-11-11 19:23] Super Girl: 
[2007-11-11 19:23] Super Girl: 
[2007-11-11 19:23] Super Girl: 
[2007-11-11 19:23] Super Girl: 
[2007-11-11 19:23] Super Girl: 
[2007-11-11 19:23] Super Girl: 
[2007-11-11 19:23] Super Girl: 
[2007-11-11 19:23] Super Girl: 
[2007-11-11 19:23] Super Girl: 
[2007-11-11 19:23] Super Girl: 
[2007-11-11 19:23] Super Girl: 
[2007-11-11 19:23] Super Girl: 
[2007-11-11 19:23] Super Girl: 
[2007-11-11 19:23] Super Girl: 
[2007-11-11 19:23] Super Girl: 
[2007-11-11 19:23] Super Girl: 
[2007-11-11 19:23] Super Girl: 
[2007-11-11 19:23] Super Girl: 
[2007-11-11 19:23] Super Girl: 
[2007-11-11 19:23] Super Girl: 
[2007-11-11 19:23] Super Girl: 
[2007-11-11 19:23] Super Girl: 
[2007-11-11 19:23] Super Girl: 
[2007-11-11 19:23] Super Girl: 
[2007-11-11 19:23] Super Girl: 
[2007-11-11 19:23] Super Girl: 
[2007-11-11 19:23] Super Girl: 
[2007-11-11 19:23] Super Girl: 
[2007-11-11 19:23] Super Girl: 
[2007-11-11 19:23] Super Girl: 
[2007-11-11 19:23] Super Girl: 
[2007-11-11 19:23] Super Girl: 
[2007-11-11 19:23] Super Girl: 
[2007-11-11 19:23] Super Girl: 
[2007-11-11 19:23] Super Girl: 
[2007-11-11 19:23] Super Girl: 
[2007-11-11 19:23] Super Girl: 
[2007-11-11 19:23] Super Girl: 
[2007-11-11 19:23] Super Girl: 
[2007-11-11 19:23] Super Girl: 
[2007-11-11 19:23] Super Girl: 
[2007-11-11 19:23] Super Girl: 
[2007-11-11 19:23] Super Girl: 
[2007-11-11 19:23] Super Girl: 
[2007-11-11 19:23] Super Girl: 
[2007-11-11 19:23] Super Girl: 
[2007-11-11 19:23] Super Girl: 
[2007-11-11 19:23] Super Girl: 
[2007-11-11 19:23] Super Girl: 
[2007-11-11 19:23] Super Girl: 
[2007-11-11 19:23] Super Girl: 
[2007-11-11 19:23] Super Girl: 
[2007-11-11 19:23] Super Girl: 
[2007-11-11 19:23] Super Girl: 
[2007-11-11 19:23] Super Girl: 
[2007-11-11 19:23] Super Girl: 
[2007-11-11 19:23] Super Girl: 
[2007-11-11 19:23] Super Girl: 
[2007-11-11 19:23] Super Girl: 
[2007-11-11 19:23] Super Girl: 
[2007-11-11 19:23] Super Girl: 
[2007-11-11 19:23] Super Girl: 
[2007-11-11 19:23] Super Girl: 
[2007-11-11 19:23] Super Girl: 
[2007-11-11 19:23] Super Girl: 
[2007-11-11 19:23] Super Girl: 
[2007-11-11 19:23] Super Girl: 
[2007-11-11 19:23] Super Girl: 
[2007-11-11 19:23] Super Girl: 
[2007-11-11 19:23] Super Girl: 
[2007-11-11 19:23] Super Girl: 
[2007-11-11 19:23] Super Girl: 
[2007-11-11 19:23] Super Girl: 
[2007-11-11 19:23] Super Girl: 
[2007-11-11 19:23] Super Girl: 
[2007-11-11 19:23] Super Girl: 
[2007-11-11 19:23] Super Girl: 
[2007-11-11 19:23] Super Girl: 
[2007-11-11 19:23] Super Girl: 
[2007-11-11 19:23] Super Girl: 
[2007-11-11 19:23] Super Girl: 
[2007-11-11 19:23] Super Girl: 
[2007-11-11 19:23] Super Girl: 
[2007-11-11 19:23] Super Girl: 
[2007-11-11 19:23] Super Girl: 
[2007-11-11 19:23] Super Girl: 
[2007-11-11 19:23] Super Girl: 
[2007-11-11 19:23] Super Girl: 
[2007-11-11 19:23] Super Girl: 
[2007-11-11 19:23] Super Girl: 
[2007-11-11 19:23] Super Girl: 
[2007-11-11 19:23] Super Girl: 
[2007-11-11 19:23] Super Girl: 
[2007-11-11 19:23] Super Girl: 
[2007-11-11 19:23] Super Girl: 
[2007-11-11 19:23] Super Girl: 
[2007-11-11 19:23] Super Girl: 
[2007-11-11 19:23] Super Girl: 
[2007-11-11 19:23] Super Girl: 
[2007-11-11 19:23] Super Girl: 
[2007-11-11 19:23] Super Girl: 
[2007-11-11 19:23] Super Girl: 
[2007-11-11 19:23] Super Girl: 
[2007-11-11 19:23] Super Girl: 
[2007-11-11 19:23] Super Girl: 
[2007-11-11 19:23] Super Girl: 
[2007-11-11 19:23] Super Girl: 
[2007-11-11 19:23] Super Girl: 
[2007-11-11 19:23] Super Girl: 
[2007-11-11 19:23] Super Girl: 
[2007-11-11 19:23] Super Girl: 
[2007-11-11 19:23] Super Girl: 
[2007-11-11 19:23] Super Girl: 
[2007-11-11 19:23] Super Girl: 
[2007-11-11 19:23] Super Girl: 
[2007-11-11 19:23] Super Girl: 
[2007-11-11 19:23] Super Girl: 
[2007-11-11 19:23] Super Girl: 
[2007-11-11 19:23] Super Girl: 
[2007-11-11 19:23] Super Girl: 
[2007-11-11 19:23] Super Girl: 
[2007-11-11 19:23] Super Girl: 
[2007-11-11 19:23] Super Girl: 
[2007-11-11 19:23] Super Girl: 
[2007-11-11 19:23] Super Girl: 
[2007-11-11 19:23] Super Girl: 
[2007-11-11 19:23] Super Girl: 
[2007-11-11 19:23] Super Girl: 
[2007-11-11 19:23] Super Girl: 
[2007-11-11 19:23] Super Girl: 
[2007-11-11 19:23] Super Girl: 
[2007-11-11 19:23] Super Girl: 
[2007-11-11 19:23] Super Girl: 
[2007-11-11 19:23] Super Girl: 
[2007-11-11 19:23] Super Girl: 
[2007-11-11 19:23] Super Girl: 
[2007-11-11 19:23] Super Girl: 
[2007-11-11 19:23] Super Girl: 
[2007-11-11 19:23] Super Girl: 
[2007-11-11 19:23] Super Girl: 
[2007-11-11 19:23] Super Girl: 
[2007-11-11 19:23] Super Girl: 
[2007-11-11 19:23] Super Girl: 
[2007-11-11 19:23] Super Girl: 
[2007-11-11 19:23] Super Girl: 
[2007-11-11 19:23] Super Girl: 
[2007-11-11 19:23] Super Girl: 
[2007-11-11 19:23] Super Girl: 
[2007-11-11 19:23] Super Girl: 
[2007-11-11 19:23] Super Girl: 
[2007-11-11 19:23] Super Girl: 
[2007-11-11 19:23] Super Girl: 
[2007-11-11 19:23] Super Girl: 
[2007-11-11 19:23] Super Girl: 
[2007-11-11 19:23] Super Girl: 
[2007-11-11 19:23] Super Girl: 
[2007-11-11 19:23] Super Girl: 
[2007-11-11 19:23] Super Girl: 
[2007-11-11 19:23] Super Girl: 
[2007-11-11 19:23] Super Girl: 
[2007-11-11 19:23] Super Girl: 
[2007-11-11 19:23] Super Girl: 
[2007-11-11 19:23] Super Girl: 
[2007-11-11 19:23] Super Girl: 
[2007-11-11 19:23] Super Girl: 
[2007-11-11 19:23] Super Girl: 
[2007-11-11 19:23] Super Girl: 
[2007-11-11 19:23] Super Girl: 
[2007-11-11 19:23] Super Girl: 
[2007-11-11 19:23] Super Girl: 
[2007-11-11 19:23] Super Girl: 
[2007-11-11 19:23] Super Girl: 
[2007-11-11 19:23] Super Girl: 
[2007-11-11 19:23] Super Girl: 
[2007-11-11 19:23] Super Girl: 
[2007-11-11 19:23] Super Girl: 
[2007-11-11 19:23] Super Girl: 
[2007-11-11 19:23] Super Girl: 
[2007-11-11 19:23] Super Girl: 
[2007-11-11 19:23] Super Girl: 
[2007-11-11 19:23] Super Girl: 
[2007-11-11 19:23] Super Girl: 
[2007-11-11 19:23] Super Girl: 
[2007-11-11 19:23] Super Girl: 
[2007-11-11 19:23] Super Girl: 
[2007-11-11 19:23] Super Girl: 
[2007-11-11 19:23] Super Girl: 
[2007-11-11 19:23] Super Girl: 
[2007-11-11 19:23] Super Girl: 
[2007-11-11 19:23] Super Girl: 
[2007-11-11 19:23] Super Girl: 
[2007-11-11 19:23] Super Girl: 
[2007-11-11 19:23] Super Girl: 
[2007-11-11 19:23] Super Girl: 
[2007-11-11 19:23] Super Girl: 
[2007-11-11 19:23] Super Girl: 
[2007-11-11 19:23] Super Girl: 
[2007-11-11 19:23] Super Girl: 
[2007-11-11 19:23] Super Girl: 
[2007-11-11 19:23] Super Girl: 
[2007-11-11 19:23] Super Girl: 
[2007-11-11 19:23] Super Girl: 
[2007-11-11 19:23] Super Girl: 
[2007-11-11 19:23] Super Girl: 
[2007-11-11 19:23] Super Girl: 
[2007-11-11 19:23] Super Girl: 
[2007-11-11 19:23] Super Girl: 
[2007-11-11 19:23] Super Girl: 
[2007-11-11 19:23] Super Girl: 
[2007-11-11 19:23] Super Girl: 
[2007-11-11 19:23] Super Girl: 
[2007-11-11 19:23] Super Girl: 
[2007-11-11 19:23] Super Girl: 
[2007-11-11 19:23] Super Girl: 
[2007-11-11 19:23] Super Girl: 
[2007-11-11 19:23] Super Girl: 
[2007-11-11 19:23] Super Girl: 
[2007-11-11 19:23] Super Girl: 
[2007-11-11 19:23] Super Girl: 
[2007-11-11 19:23] Super Girl: 
[2007-11-11 19:23] Super Girl: 
[2007-11-11 19:23] Super Girl: 
[2007-11-11 19:23] Super Girl: 
[2007-11-11 19:23] Super Girl: 
[2007-11-11 19:23] Super Girl: 
[2007-11-11 19:23] Super Girl: 
[2007-11-11 19:23] Super Girl: 
[2007-11-11 19:23] Super Girl: 
[2007-11-11 19:23] Super Girl: 
[2007-11-11 19:23] Super Girl: 
[2007-11-11 19:23] Super Girl: 
[2007-11-11 19:23] Super Girl: 
[2007-11-11 19:23] Super Girl: 
[2007-11-11 19:23] Super Girl: 
[2007-11-11 19:23] Super Girl: 
[2007-11-11 19:23] Super Girl: 
[2007-11-11 19:23] Super Girl: 
[2007-11-11 19:23] Super Girl: 
[2007-11-11 19:23] Super Girl: 
[2007-11-11 19:23] Super Girl: 
[2007-11-11 19:23] Super Girl: 
[2007-11-11 19:23] Super Girl: 
[2007-11-11 19:23] Super Girl: 
[2007-11-11 19:23] Super Girl: 
[2007-11-11 19:23] Super Girl: 
[2007-11-11 19:23] Super Girl: 
[2007-11-11 19:23] Super Girl: 
[2007-11-11 19:23] Super Girl: 
[2007-11-11 19:23] Super Girl: 
[2007-11-11 19:23] Super Girl: 
[2007-11-11 19:23] Super Girl: 
[2007-11-11 19:23] Super Girl: 
[2007-11-11 19:23] Super Girl: 
[2007-11-11 19:23] Super Girl: 
[2007-11-11 19:23] Super Girl: 
[2007-11-11 19:23] Super Girl: 
[2007-11-11 19:23] Super Girl: 
[2007-11-11 19:23] Super Girl: 
[2007-11-11 19:23] Super Girl: 
[2007-11-11 19:23] Super Girl: 
[2007-11-11 19:23] Super Girl: 
[2007-11-11 19:23] Super Girl: 
[2007-11-11 19:23] Super Girl: 
[2007-11-11 19:23] Super Girl: 
[2007-11-11 19:23] Super Girl: 
[2007-11-11 19:24] Super Girl: 
[2007-11-11 19:24] Super Girl: 
[2007-11-11 19:24] Super Girl: 
[2007-11-11 19:24] Super Girl: 
[2007-11-11 19:24] Super Girl: 
[2007-11-11 19:24] Super Girl: 
[2007-11-11 19:24] Super Girl: 
[2007-11-11 19:24] Super Girl: 
[2007-11-11 19:24] Super Girl: 
[2007-11-11 19:24] Super Girl: 
[2007-11-11 19:24] Super Girl: 
[2007-11-11 19:24] Super Girl: 
[2007-11-11 19:24] Super Girl: 
[2007-11-11 19:24] Super Girl: 
[2007-11-11 19:24] Super Girl: 
[2007-11-11 19:24] Super Girl: 
[2007-11-11 19:24] Super Girl: 
[2007-11-11 19:24] Super Girl: 
[2007-11-11 19:24] Super Girl: 
[2007-11-11 19:24] Super Girl: 
[2007-11-11 19:24] Super Girl: 
[2007-11-11 19:24] Super Girl: 
[2007-11-11 19:24] Super Girl: 
[2007-11-11 19:24] Super Girl: 
[2007-11-11 19:24] Super Girl: 
[2007-11-11 19:24] Super Girl: 
[2007-11-11 19:24] Super Girl: 
[2007-11-11 19:24] Super Girl: 
[2007-11-11 19:24] Super Girl: 
[2007-11-11 19:24] Super Girl: 
[2007-11-11 19:24] Super Girl: 
[2007-11-11 19:24] Super Girl: 
[2007-11-11 19:24] Super Girl: 
[2007-11-11 19:24] Super Girl: 
[2007-11-11 19:24] Super Girl: 
[2007-11-11 19:24] Super Girl: 
[2007-11-11 19:24] Super Girl: 
[2007-11-11 19:24] Super Girl: 
[2007-11-11 19:24] Super Girl: 
[2007-11-11 19:24] Super Girl: 
[2007-11-11 19:24] Super Girl: 
[2007-11-11 19:24] Super Girl: 
[2007-11-11 19:24] Super Girl: 
[2007-11-11 19:24] Super Girl: 
[2007-11-11 19:24] Super Girl: 
[2007-11-11 19:24] Super Girl: 
[2007-11-11 19:24] Super Girl: 
[2007-11-11 19:24] Super Girl: 
[2007-11-11 19:24] Super Girl: 
[2007-11-11 19:24] Super Girl: 
[2007-11-11 19:24] Super Girl: 
[2007-11-11 19:24] Super Girl: 
[2007-11-11 19:24] Super Girl: 
[2007-11-11 19:24] Super Girl: 
[2007-11-11 19:24] Super Girl: 
[2007-11-11 19:24] Super Girl: 
[2007-11-11 19:24] Super Girl: 
[2007-11-11 19:24] Super Girl: 
[2007-11-11 19:24] Super Girl: 
[2007-11-11 19:24] Super Girl: 
[2007-11-11 19:24] Super Girl: 
[2007-11-11 19:24] Super Girl: 
[2007-11-11 19:24] Super Girl: 
[2007-11-11 19:24] Super Girl: 
[2007-11-11 19:24] Super Girl: 
[2007-11-11 19:24] Super Girl: 
[2007-11-11 19:24] Super Girl: 
[2007-11-11 19:24] Super Girl: 
[2007-11-11 19:24] Super Girl: 
[2007-11-11 19:24] Super Girl: 
[2007-11-11 19:24] Super Girl: 
[2007-11-11 19:24] Super Girl: 
[2007-11-11 19:24] Super Girl: 
[2007-11-11 19:24] Super Girl: 
[2007-11-11 19:24] Super Girl: 
[2007-11-11 19:24] Super Girl: 
[2007-11-11 19:24] Super Girl: 
[2007-11-11 19:24] Super Girl: 
[2007-11-11 19:24] Super Girl: 
[2007-11-11 19:24] Super Girl: 
[2007-11-11 19:24] Super Girl: 
[2007-11-11 19:24] Super Girl: 
[2007-11-11 19:24] Super Girl: 
[2007-11-11 19:24] Super Girl: 
[2007-11-11 19:24] Super Girl: 
[2007-11-11 19:24] Super Girl: 
[2007-11-11 19:24] Super Girl: 
[2007-11-11 19:24] Super Girl: 
[2007-11-11 19:24] Super Girl: 
[2007-11-11 19:24] Super Girl: 
[2007-11-11 19:24] Super Girl: 
[2007-11-11 19:24] Super Girl: 
[2007-11-11 19:24] Super Girl: 
[2007-11-11 19:24] Super Girl: 
[2007-11-11 19:24] Super Girl: 
[2007-11-11 19:24] Super Girl: 
[2007-11-11 19:24] Super Girl: 
[2007-11-11 19:24] Super Girl: 
[2007-11-11 19:24] Super Girl: 
[2007-11-11 19:24] Super Girl: 
[2007-11-11 19:24] Super Girl: 
[2007-11-11 19:24] Super Girl: 
[2007-11-11 19:24] Super Girl: 
[2007-11-11 19:24] Super Girl: 
[2007-11-11 19:24] Super Girl: 
[2007-11-11 19:24] Super Girl: 
[2007-11-11 19:24] Super Girl: 
[2007-11-11 19:24] Super Girl: 
[2007-11-11 19:24] Super Girl: 
[2007-11-11 19:24] Super Girl: 
[2007-11-11 19:24] Super Girl: 
[2007-11-11 19:24] Super Girl: 
[2007-11-11 19:24] Super Girl: 
[2007-11-11 19:24] Super Girl: 
[2007-11-11 19:24] Super Girl: 
[2007-11-11 19:24] Super Girl: 
[2007-11-11 19:24] Super Girl: 
[2007-11-11 19:24] Super Girl: 
[2007-11-11 19:24] Super Girl: 
[2007-11-11 19:24] Super Girl: 
[2007-11-11 19:24] Super Girl: 
[2007-11-11 19:24] Super Girl: 
[2007-11-11 19:24] Super Girl: 
[2007-11-11 19:24] Super Girl: 
[2007-11-11 19:24] Super Girl: 
[2007-11-11 19:24] Super Girl: 
[2007-11-11 19:24] Super Girl: 
[2007-11-11 19:24] Super Girl: 
[2007-11-11 19:24] Super Girl: 
[2007-11-11 19:24] Super Girl: 
[2007-11-11 19:24] Super Girl: 
[2007-11-11 19:24] Super Girl: 
[2007-11-11 19:24] Super Girl: 
[2007-11-11 19:24] Super Girl: 
[2007-11-11 19:24] Super Girl: 
[2007-11-11 19:24] Super Girl: 
[2007-11-11 19:24] Super Girl: 
[2007-11-11 19:24] Super Girl: 
[2007-11-11 19:24] Super Girl: 
[2007-11-11 19:24] Super Girl: 
[2007-11-11 19:24] Super Girl: 
[2007-11-11 19:24] Super Girl: 
[2007-11-11 19:24] Super Girl: 
[2007-11-11 19:24] Super Girl: 
[2007-11-11 19:24] Super Girl: 
[2007-11-11 19:24] Super Girl: 
[2007-11-11 19:24] Super Girl: 
[2007-11-11 19:24] Super Girl: 
[2007-11-11 19:24] Super Girl: 
[2007-11-11 19:24] Super Girl: 
[2007-11-11 19:24] Super Girl: 
[2007-11-11 19:24] Super Girl: 
[2007-11-11 19:24] Super Girl: 
[2007-11-11 19:24] Super Girl: 
[2007-11-11 19:24] Super Girl: 
[2007-11-11 19:24] Super Girl: 
[2007-11-11 19:24] Super Girl: 
[2007-11-11 19:24] Super Girl: 
[2007-11-11 19:24] Super Girl: 
[2007-11-11 19:24] Super Girl: 
[2007-11-11 19:24] Super Girl: 
[2007-11-11 19:24] Super Girl: 
[2007-11-11 19:24] Super Girl: 
[2007-11-11 19:24] Super Girl: 
[2007-11-11 19:24] Super Girl: 
[2007-11-11 19:24] Super Girl: 
[2007-11-11 19:24] Super Girl: 
[2007-11-11 19:24] Super Girl: 
[2007-11-11 19:24] Super Girl: 
[2007-11-11 19:24] Super Girl: 
[2007-11-11 19:24] Super Girl: 
[2007-11-11 19:24] Super Girl: 
[2007-11-11 19:24] Super Girl: 
[2007-11-11 19:24] Super Girl: 
[2007-11-11 19:24] Super Girl: 
[2007-11-11 19:24] Super Girl: 
[2007-11-11 19:24] Super Girl: 
[2007-11-11 19:24] Super Girl: 
[2007-11-11 19:24] Super Girl: 
[2007-11-11 19:24] Super Girl: 
[2007-11-11 19:24] Super Girl: 
[2007-11-11 19:24] Super Girl: 
[2007-11-11 19:24] Super Girl: 
[2007-11-11 19:24] Super Girl: 
[2007-11-11 19:24] Super Girl: 
[2007-11-11 19:24] Super Girl: 
[2007-11-11 19:24] Super Girl: 
[2007-11-11 19:24] Super Girl: 
[2007-11-11 19:24] Super Girl: 
[2007-11-11 19:24] Super Girl: 
[2007-11-11 19:24] Super Girl: 
[2007-11-11 19:24] Super Girl: 
[2007-11-11 19:24] Super Girl: 
[2007-11-11 19:24] Super Girl: 
[2007-11-11 19:24] Super Girl: 
[2007-11-11 19:24] Super Girl: 
[2007-11-11 19:24] Super Girl: 
[2007-11-11 19:24] Super Girl: 
[2007-11-11 19:24] Super Girl: 
[2007-11-11 19:24] Super Girl: 
[2007-11-11 19:24] Super Girl: 
[2007-11-11 19:24] Super Girl: 
[2007-11-11 19:24] Super Girl: 
[2007-11-11 19:24] Super Girl: 
[2007-11-11 19:24] Super Girl: 
[2007-11-11 19:24] Super Girl: 
[2007-11-11 19:24] Super Girl: 
[2007-11-11 19:24] Super Girl: 
[2007-11-11 19:24] Super Girl: 
[2007-11-11 19:24] Super Girl: 
[2007-11-11 19:24] Super Girl: 
[2007-11-11 19:24] Super Girl: 
[2007-11-11 19:24] Super Girl: 
[2007-11-11 19:24] Super Girl: 
[2007-11-11 19:24] Super Girl: 
[2007-11-11 19:24] Super Girl: 
[2007-11-11 19:24] Super Girl: 
[2007-11-11 19:24] Super Girl: 
[2007-11-11 19:24] Super Girl: 
[2007-11-11 19:24] Super Girl: 
[2007-11-11 19:24] Super Girl: 
[2007-11-11 19:24] Super Girl: 
[2007-11-11 19:24] Super Girl: 
[2007-11-11 19:24] Super Girl: 
[2007-11-11 19:24] Super Girl: 
[2007-11-11 19:24] Super Girl: 
[2007-11-11 19:24] Super Girl: 
[2007-11-11 19:24] Super Girl: 
[2007-11-11 19:24] Super Girl: 
[2007-11-11 19:24] Super Girl: 
[2007-11-11 19:24] Super Girl: 
[2007-11-11 19:24] Super Girl: 
[2007-11-11 19:24] Super Girl: 
[2007-11-11 19:24] Super Girl: 
[2007-11-11 19:24] Super Girl: 
[2007-11-11 19:24] Super Girl: 
[2007-11-11 19:24] Super Girl: 
[2007-11-11 19:24] Super Girl: 
[2007-11-11 19:24] Super Girl: 
[2007-11-11 19:24] Super Girl: 
[2007-11-11 19:24] Super Girl: 
[2007-11-11 19:24] Super Girl: 
[2007-11-11 19:24] Super Girl: 
[2007-11-11 19:24] Super Girl: 
[2007-11-11 19:24] Super Girl: 
[2007-11-11 19:24] Super Girl: 
[2007-11-11 19:24] Super Girl: 
[2007-11-11 19:24] Super Girl: 
[2007-11-11 19:24] Super Girl: 
[2007-11-11 19:24] Super Girl: 
[2007-11-11 19:24] Super Girl: 
[2007-11-11 19:24] Super Girl: 
[2007-11-11 19:24] Super Girl: 
[2007-11-11 19:24] Super Girl: 
[2007-11-11 19:24] Super Girl: 
[2007-11-11 19:24] Super Girl: 
[2007-11-11 19:24] Super Girl: 
[2007-11-11 19:24] Super Girl: 
[2007-11-11 19:24] Super Girl: 
[2007-11-11 19:24] Super Girl: 
[2007-11-11 19:24] Super Girl: 
[2007-11-11 19:24] Super Girl: 
[2007-11-11 19:24] Super Girl: 
[2007-11-11 19:24] Super Girl: 
[2007-11-11 19:24] Super Girl: 
[2007-11-11 19:24] Super Girl: 
[2007-11-11 19:24] Super Girl: 
[2007-11-11 19:24] Super Girl: 
[2007-11-11 19:24] Super Girl: 
[2007-11-11 19:24] Super Girl: 
[2007-11-11 19:24] Super Girl: 
[2007-11-11 19:24] Super Girl: 
[2007-11-11 19:24] Super Girl: 
[2007-11-11 19:24] Super Girl: 
[2007-11-11 19:24] Super Girl: 
[2007-11-11 19:24] Super Girl: 
[2007-11-11 19:24] Super Girl: 
[2007-11-11 19:24] Super Girl: 
[2007-11-11 19:24] Super Girl: 
[2007-11-11 19:24] Super Girl: 
[2007-11-11 19:24] Super Girl: 
[2007-11-11 19:24] Super Girl: 
[2007-11-11 19:24] Super Girl: 
[2007-11-11 19:24] Super Girl: 
[2007-11-11 19:24] Super Girl: 
[2007-11-11 19:24] Super Girl: 
[2007-11-11 19:24] Super Girl: 
[2007-11-11 19:24] Super Girl: 
[2007-11-11 19:24] Super Girl: 
[2007-11-11 19:24] Super Girl: 
[2007-11-11 19:24] Super Girl: 
[2007-11-11 19:24] Super Girl: 
[2007-11-11 19:24] Super Girl: 
[2007-11-11 19:24] Super Girl: 
[2007-11-11 19:24] Super Girl: 
[2007-11-11 19:24] Super Girl: 
[2007-11-11 19:24] Super Girl: 
[2007-11-11 19:24] Super Girl: 
[2007-11-11 19:24] Super Girl: 
[2007-11-11 19:24] Super Girl: 
[2007-11-11 19:24] Super Girl: 
[2007-11-11 19:24] Super Girl: 
[2007-11-11 19:24] Super Girl: 
[2007-11-11 19:24] Super Girl: 
[2007-11-11 19:24] Super Girl: 
[2007-11-11 19:24] Super Girl: 
[2007-11-11 19:24] Super Girl: 
[2007-11-11 19:24] Super Girl: 
[2007-11-11 19:24] Super Girl: 
[2007-11-11 19:24] Super Girl: 
[2007-11-11 19:24] Super Girl: 
[2007-11-11 19:24] Super Girl: 
[2007-11-11 19:24] Super Girl: 
[2007-11-11 19:24] Super Girl: 
[2007-11-11 19:24] Super Girl: 
[2007-11-11 19:24] Super Girl: 
[2007-11-11 19:24] Super Girl: 
[2007-11-11 19:24] Super Girl: 
[2007-11-11 19:24] Super Girl: 
[2007-11-11 19:24] Super Girl: 
[2007-11-11 19:24] Super Girl: 
[2007-11-11 19:24] Super Girl: 
[2007-11-11 19:24] Super Girl: 
[2007-11-11 19:24] Super Girl: 
[2007-11-11 19:24] Super Girl: 
[2007-11-11 19:24] Super Girl: 
[2007-11-11 19:24] Super Girl: 
[2007-11-11 19:24] Super Girl: 
[2007-11-11 19:24] Super Girl: 
[2007-11-11 19:24] Super Girl: 
[2007-11-11 19:24] Super Girl: 
[2007-11-11 19:24] Super Girl: 
[2007-11-11 19:24] Super Girl: 
[2007-11-11 19:24] Super Girl: 
[2007-11-11 19:24] Super Girl: 
[2007-11-11 19:24] Super Girl: 
[2007-11-11 19:24] Super Girl: 
[2007-11-11 19:24] Super Girl: 
[2007-11-11 19:24] Super Girl: 
[2007-11-11 19:24] Super Girl: 
[2007-11-11 19:24] Super Girl: 
[2007-11-11 19:24] Super Girl: 
[2007-11-11 19:24] Super Girl: 
[2007-11-11 19:24] Super Girl: 
[2007-11-11 19:24] Super Girl: 
[2007-11-11 19:24] Super Girl: 
[2007-11-11 19:24] Super Girl: 
[2007-11-11 19:24] Super Girl: 
[2007-11-11 19:24] Super Girl: 
[2007-11-11 19:24] Super Girl: 
[2007-11-11 19:24] Super Girl: 
[2007-11-11 19:24] Super Girl: 
[2007-11-11 19:24] Super Girl: 
[2007-11-11 19:24] Super Girl: 
[2007-11-11 19:24] Super Girl: 
[2007-11-11 19:24] Super Girl: 
[2007-11-11 19:24] Super Girl: 
[2007-11-11 19:24] Super Girl: 
[2007-11-11 19:24] Super Girl: 
[2007-11-11 19:24] Super Girl: 
[2007-11-11 19:24] Super Girl: 
[2007-11-11 19:24] Super Girl: 
[2007-11-11 19:24] Super Girl: 
[2007-11-11 19:24] Super Girl: 
[2007-11-11 19:24] Super Girl: 
[2007-11-11 19:24] Super Girl: 
[2007-11-11 19:24] Super Girl: 
[2007-11-11 19:24] Super Girl: 
[2007-11-11 19:24] Super Girl: 
[2007-11-11 19:24] Super Girl: 
[2007-11-11 19:24] Super Girl: 
[2007-11-11 19:24] Super Girl: 
[2007-11-11 19:24] Super Girl: 
[2007-11-11 19:24] Super Girl: 
[2007-11-11 19:24] Super Girl: 
[2007-11-11 19:24] Super Girl: 
[2007-11-11 19:24] Super Girl: 
[2007-11-11 19:24] Super Girl: 
[2007-11-11 19:24] Super Girl: 
[2007-11-11 19:24] Super Girl: 
[2007-11-11 19:24] Super Girl: 
[2007-11-11 19:24] Super Girl: 
[2007-11-11 19:24] Super Girl: 
[2007-11-11 19:24] Super Girl: 
[2007-11-11 19:24] Super Girl: 
[2007-11-11 19:24] Super Girl: 
[2007-11-11 19:24] Super Girl: 
[2007-11-11 19:24] Super Girl: 
[2007-11-11 19:24] Super Girl: 
[2007-11-11 19:24] Super Girl: 
[2007-11-11 19:24] Super Girl: 
[2007-11-11 19:24] Super Girl: 
[2007-11-11 19:24] Super Girl: 
[2007-11-11 19:24] Super Girl: 
[2007-11-11 19:24] Super Girl: 
[2007-11-11 19:24] Super Girl: 
[2007-11-11 19:24] Super Girl: 
[2007-11-11 19:24] Super Girl: 
[2007-11-11 19:24] Super Girl: 
[2007-11-11 19:24] Super Girl: 
[2007-11-11 19:24] Super Girl: 
[2007-11-11 19:24] Super Girl: 
[2007-11-11 19:24] Super Girl: 
[2007-11-11 19:24] Super Girl: 
[2007-11-11 19:24] Super Girl: 
[2007-11-11 19:24] Super Girl: 
[2007-11-11 19:24] Super Girl: 
[2007-11-11 19:24] Super Girl: 
[2007-11-11 19:24] Super Girl: 
[2007-11-11 19:24] Super Girl: 
[2007-11-11 19:24] Super Girl: 
[2007-11-11 19:24] Super Girl: 
[2007-11-11 19:24] Super Girl: 
[2007-11-11 19:24] Super Girl: 
[2007-11-11 19:24] Super Girl: 
[2007-11-11 19:24] Super Girl: 
[2007-11-11 19:24] Super Girl: 
[2007-11-11 19:24] Super Girl: 
[2007-11-11 19:24] Super Girl: 
[2007-11-11 19:24] Super Girl: 
[2007-11-11 19:24] Super Girl: 
[2007-11-11 19:24] Super Girl: 
[2007-11-11 19:24] Super Girl: 
[2007-11-11 19:24] Super Girl: 
[2007-11-11 19:24] Super Girl: 
[2007-11-11 19:24] Super Girl: 
[2007-11-11 19:24] Super Girl: 
[2007-11-11 19:24] Super Girl: 
[2007-11-11 19:24] Super Girl: 
[2007-11-11 19:24] Super Girl: 
[2007-11-11 19:24] Super Girl: 
[2007-11-11 19:24] Super Girl: 
[2007-11-11 19:24] Super Girl: 
[2007-11-11 19:24] Super Girl: 
[2007-11-11 19:24] Super Girl: 
[2007-11-11 19:24] Super Girl: 
[2007-11-11 19:24] Super Girl: 
[2007-11-11 19:24] Super Girl: 
[2007-11-11 19:24] Super Girl: 
[2007-11-11 19:24] Super Girl: 
[2007-11-11 19:24] Super Girl: 
[2007-11-11 19:24] Super Girl: 
[2007-11-11 19:24] Super Girl: 
[2007-11-11 19:24] Super Girl: 
[2007-11-11 19:24] Super Girl: 
[2007-11-11 19:24] Super Girl: 
[2007-11-11 19:24] Super Girl: 
[2007-11-11 19:24] Super Girl: 
[2007-11-11 19:24] Super Girl: 
[2007-11-11 19:24] Super Girl: 
[2007-11-11 19:24] Super Girl: 
[2007-11-11 19:24] Super Girl: 
[2007-11-11 19:24] Super Girl: 
[2007-11-11 19:24] Super Girl: 
[2007-11-11 19:24] Super Girl: 
[2007-11-11 19:24] Super Girl: 
[2007-11-11 19:24] Super Girl: 
[2007-11-11 19:24] Super Girl: 
[2007-11-11 19:24] Super Girl: 
[2007-11-11 19:24] Super Girl: 
[2007-11-11 19:24] Super Girl: 
[2007-11-11 19:24] Super Girl: 
[2007-11-11 19:24] Super Girl: 
[2007-11-11 19:24] Super Girl: 
[2007-11-11 19:24] Super Girl: 
[2007-11-11 19:24] Super Girl: 
[2007-11-11 19:24] Super Girl: 
[2007-11-11 19:24] Super Girl: 
[2007-11-11 19:24] Super Girl: 
[2007-11-11 19:24] Super Girl: 
[2007-11-11 19:24] Super Girl: 
[2007-11-11 19:24] Super Girl: 
[2007-11-11 19:24] Super Girl: 
[2007-11-11 19:24] Super Girl: 
[2007-11-11 19:24] Super Girl: 
[2007-11-11 19:24] Super Girl: 
[2007-11-11 19:24] Super Girl: 
[2007-11-11 19:24] Super Girl: 
[2007-11-11 19:24] Super Girl: 
[2007-11-11 19:24] Super Girl: 
[2007-11-11 19:24] Super Girl: 
[2007-11-11 19:24] Super Girl: 
[2007-11-11 19:24] Super Girl: 
[2007-11-11 19:24] Super Girl: 
[2007-11-11 19:24] Super Girl: 
[2007-11-11 19:24] Super Girl: 
[2007-11-11 19:24] Super Girl: 
[2007-11-11 19:24] Super Girl: 
[2007-11-11 19:24] Super Girl: 
[2007-11-11 19:24] Super Girl: 
[2007-11-11 19:24] Super Girl: 
[2007-11-11 19:24] Super Girl: 
[2007-11-11 19:24] Super Girl: 
[2007-11-11 19:24] Super Girl: 
[2007-11-11 19:24] Super Girl: 
[2007-11-11 19:24] Super Girl: 
[2007-11-11 19:24] Super Girl: 
[2007-11-11 19:24] Super Girl: 
[2007-11-11 19:24] Super Girl: 
[2007-11-11 19:24] Super Girl: 
[2007-11-11 19:24] Super Girl: 
[2007-11-11 19:24] Super Girl: 
[2007-11-11 19:24] Super Girl: 
[2007-11-11 19:24] Super Girl: 
[2007-11-11 19:24] Super Girl: 
[2007-11-11 19:24] Super Girl: 
[2007-11-11 19:24] Super Girl: 
[2007-11-11 19:24] Super Girl: 
[2007-11-11 19:24] Super Girl: 
[2007-11-11 19:24] Super Girl: 
[2007-11-11 19:24] Super Girl: 
[2007-11-11 19:24] Super Girl: 
[2007-11-11 19:26] Super Girl: 
[2007-11-11 19:27] Super Girl: 
